6 303 9274 3958 2082 3354 5489
5 9913 7934 6526 3949 8730
7 3156 24 7116 1193 9143 4814 4898
5 8890 6041 7353 4791 5536
5 1178 4421 4767 2541 383
7 1335 5086 4048 5885 6169 5321 3520
5 3654 9038 5166 3878 4243
6 4839 1503 1221 4635 5186 1015
6 4094 6327 4207 7446 4472 7781
6 5497 3849 9680 8486 3145 4265
6 445 8614 8023 1421 3980 9606
7 3580 2720 549 4206 2236 1754 8327
6 1992 6536 7451 3710 9098 6453
6 4435 5295 4208 150 3365 5889
5 1138 7759 8615 3968 3252
6 8703 4601 3047 1693 1145 1786
5 8578 554 8659 9742 6696
5 9084 1002 601 9665 9241
6 4679 3411 2385 8610 5197 4901
5 4059 3616 3807 6205 8769
6 2949 4502 156 448 7616 460
5 4829 8338 1297 5482 7752
6 4377 2026 1845 8766 8593 7305
6 8292 5235 3170 6484 9706 8460
6 7429 9306 7612 506 3893 3460
4 2384 4245 25 8478
6 7913 8642 9912 1338 3303 8163
5 3444 3245 6141 7108 3207
3 9121 1844 5096
5 8630 378 1062 1556 4701
7 7952 9806 6740 1838 7360 404 1699
5 6807 3358 5906 6845 1823
7 4379 4428 892 665 7737 9562 900
6 3457 6361 7188 4117 6938 5215
6 606 825 9503 352 9315 192
6 8518 3398 6279 1233 7328 2148
4 2418 9800 9534 2629
6 7318 6220 9341 5622 4313 1158
6 8271 6048 3326 5882 6954 623
6 7399 2357 6570 6638 6047 3595
6 5299 3821 6965 7629 6790 3259
6 1664 8219 4656 2076 9173 1966
5 2296 8489 102 6806 977
5 1815 8112 1251 7330 6725
6 9675 9965 4205 2515 1916 525
6 5018 1228 2941 7548 883 7385
7 1978 1530 7114 3845 6581 4032 3431
7 9888 423 4056 7156 6855 1112 2097
6 1492 6293 2293 5340 6937 7753
7 1209 1267 6645 3108 3372 3801 2824
5 190 2536 2663 6171 5595
5 84 3051 8791 4603 291
5 8773 435 9382 1499 3175
6 268 1363 6216 456 2459 7526
5 563 8728 7691 3508 2608
5 1993 6399 3377 9672 7946
7 5192 3544 4475 6000 7923 3304 4662
7 6783 5387 284 4537 8181 8457 4978
5 2576 9349 3278 4190 605
6 311 6024 3463 2052 4082 579
5 8329 7692 4990 2817 8197
5 6456 8784 9763 7306 6334
6 6135 6502 6956 894 1933 1379
7 7640 4153 9127 3173 3152 3890 5592
5 6115 4411 2254 3942 7487
6 9550 3632 4387 112 2379 5666
7 6901 5948 6381 7048 686 9949 1698
6 3527 5025 9497 5962 4175 1087
7 3253 5717 8856 9620 4092 4226 8046
5 8711 3311 7958 6640 3613
5 920 513 2751 1781 8602
4 7468 6874 414 7577
5 5113 381 1831 3209 9883
6 9020 8086 7438 2244 3979 3248
6 6039 7442 1433 531 1882 1691
5 666 4450 3450 189 4142
6 1528 9869 300 9159 4381 1234
6 3743 1794 8425 5689 8514 2698
6 5445 5598 5955 4195 467 9644
7 700 7499 8795 9265 8796 2739 5697
4 8227 4291 815 5142
6 4214 6338 6237 2000 4597 436
5 2920 1090 8088 2378 3302
6 8204 9325 4815 6987 733 75
6 2106 2999 5620 4847 9692 5894
6 2432 5856 5381 1143 2741 3742
4 1305 3840 1399 5542
5 7070 6879 9595 3498 1795
6 3471 7088 422 7732 7396 8232
6 677 1206 9830 4970 2534 4951
6 9698 4661 1475 5523 5997 5797
5 6794 169 833 1519 927
6 7293 5089 2072 5375 3598 7416
5 3607 1803 4546 6802 3995
7 9393 6123 3605 8640 3139 6891 1290
5 769 7575 1842 62 3192
7 3988 9078 8290 2710 6131 9157 4399
5 7320 3112 4147 5481 3131
5 6654 8989 2893 3121 8790
6 1315 9805 2686 8079 215 5768
6 1543 6003 1784 1264 7653 7896
5 6252 7554 6125 9453 7423
6 7229 6851 5628 3865 8914 3662
6 6694 6922 2661 5307 5155 3820
6 8149 5716 9087 1121 6532 7533
6 6403 208 8864 9866 2422 1191
6 719 489 511 2648 8415 8139
4 4885 2869 4027 6717
6 9544 8128 2787 3547 6157 1680
5 2356 854 8575 487 9359
5 3236 3468 715 3467 5419
6 6150 5751 6615 5552 31 6073
5 8978 7171 1177 1094 6553
5 1438 3976 3373 5045 9723
6 7862 1986 4544 4345 9470 8874
6 5693 9549 9617 6068 8474 176
6 9523 6076 4139 1316 362 8308
6 8024 7373 902 9039 4609 4553
6 9216 656 8229 8481 434 8276
5 6547 4895 786 673 1374
6 8509 2828 9538 4264 5164 7115
6 9852 417 5994 1371 4254 479
5 945 1565 8731 6905 8340
7 768 2465 8102 730 332 1241 1129
4 7325 5268 8483 8674
5 4309 7355 6885 9748 2354
6 6044 8085 7448 2345 2199 5865
3 1192 9754 9501
5 3572 1735 1387 9352 2349
6 7475 2056 8075 275 6501 2704
5 8670 599 2644 359 401
4 7013 7211 1246 7303
6 297 1869 9291 6751 7387 3769
4 6110 376 216 5975
5 3329 2036 527 6557 1488
6 157 3442 2217 9968 5278 5676
6 2917 3426 1079 7266 588 7332
6 4948 7465 1441 1004 2769 7073
6 9935 7196 2292 318 8904 5672
4 6321 9804 9907 6014
6 6780 8588 9313 8291 63 8430
4 8965 893 3382 9936
6 4894 8158 7572 6670 9079 3926
5 6952 3891 92 1563 4000
5 7928 7685 507 5532 4684
7 1066 7768 2881 5907 8916 8473 6934
4 9851 2973 2270 3088
5 7198 6023 1024 3736 3111
6 3869 519 896 6597 7047 960
7 1515 394 5868 3314 6552 3091 1958
5 5744 2512 6884 8705 6018
7 4637 6004 1346 5143 4263 5468 6750
6 2571 277 3697 5603 6776 6005
6 2774 8310 5576 1523 1533 7382
5 3333 4914 2233 5519 3109
6 3951 2981 1912 9882 4765 5606
6 222 4794 6222 8207 8542 3683
5 1874 374 4219 2763 7404
6 6269 4171 7342 4920 3864 9334
5 2166 2480 5913 2674 2249
5 7249 8747 7684 619 3897
6 1888 6786 7253 4300 903 5177
5 3017 4410 1402 5396 6637
5 5358 1349 5730 3874 5728
7 9305 5727 1111 1276 1640 2396 7950
4 5332 6842 6149 2703
6 9581 8878 6120 4789 4114 2961
6 5424 6804 5218 9649 7910 818
7 1867 3758 2742 9897 4870 6195 6613
5 9768 7994 7645 3659 4287
5 5649 2696 1299 3401 6546
3 8967 5099 9307
6 9901 6160 8962 2802 4400 2631
5 5890 69 4711 771 132
6 3055 2538 8190 8617 3296 2494
4 7227 6414 1117 1652
6 3257 5335 5012 9150 123 7977
6 7911 2651 2952 7418 2721 251
6 8175 3129 3167 8981 7159 6335
5 530 6188 282 2065 5936
5 1447 2695 1222 2212 2144
5 400 9071 864 9728 7639
6 6412 4112 8445 3433 6043 2728
5 2135 8236 1738 2732 3718
5 8448 6058 1365 2087 8900
6 8557 4511 5808 624 5641 1258
5 7957 950 2132 9894 1812
5 4833 3833 9052 3506 6177
5 9864 9654 3199 5852 4862
6 9976 8203 3585 4515 7754 1894
6 6404 726 9262 7370 7885 2746
6 4687 57 3770 7220 1442 1950
5 7346 2657 6655 2192 4987
6 88 672 225 8401 2810 2819
5 8382 3816 1655 4373 1826
6 61 9137 9466 3947 4461 3301
5 9267 1422 1330 9662 8405
4 2788 9846 7453 9086
4 9401 8157 2121 978
6 1635 6199 2366 969 2481 1156
5 5510 9619 2415 1457 9486
5 6765 8694 7860 6962 7036
7 7657 3564 6119 7415 4370 3046 1293
4 2176 6138 118 6781
5 211 7040 2649 6683 6233
6 3549 3855 4028 6662 1182 3250
5 4184 4017 9859 6628 2529
6 1273 2060 4327 3667 9541 4923
5 4437 1100 2568 4106 1720
6 6656 3655 4068 278 2588 5735
5 4984 8675 9992 7971 5754
5 5227 8191 8984 2837 4230
6 3103 6466 187 193 1444 651
5 9627 7118 5690 4912 9384
7 9514 4494 9202 6657 7479 1361 3097
6 3025 375 2711 8038 7651 4541
6 273 856 761 4714 1063 5819
7 585 4346 8055 8826 2360 5249 8572
5 9412 9345 5971 186 9007
5 4349 1384 8193 6382 5207
5 4414 823 6503 1331 3206
5 6304 4826 7334 884 5946
6 3371 2566 1386 6921 3008 5972
5 8351 718 133 6284 3106
6 8342 6307 830 5679 2932 4418
5 6296 1605 4944 2462 9468
5 6457 3817 7609 8896 1536
5 2147 9316 9405 1125 6828
5 4761 212 9321 4334 9745
4 5991 7967 8969 5821
6 7553 3541 4404 2398 3062 5784
5 5517 4724 5941 1505 7239
4 7804 7570 4487 4600
5 4080 7709 3216 4562 8666
5 9691 8155 2935 6556 8663
6 6735 8708 4247 8855 7582 1962
6 474 3830 7846 1804 3034 1359
6 2531 2316 8118 7631 5795 1633
4 3024 6132 382 1998
6 961 9042 9752 4727 5488 4530
5 6912 3513 7180 7578 9214
6 9003 1097 1189 8843 3191 1497
4 3410 3729 1061 1467
5 4733 6924 1695 3300 136
6 8587 4836 4586 1051 2532 8716
7 2519 3281 4090 8042 7849 8256 3522
4 3972 9165 7276 1077
4 5090 3122 7122 3408
6 1269 109 3030 4872 8662 9521
5 6916 1054 6133 943 8168
5 7104 8458 9729 6061 6118
4 7716 5158 9621 1074
7 6822 1512 5324 9128 250 9096 7828
5 6913 4659 6815 6385 4611
6 8406 3555 6202 477 125 4288
5 565 4958 4297 7819 1961
5 4648 9109 1518 7796 8647
5 1830 6843 7503 5026 7615
5 9254 2954 3432 7258 805
6 2123 2520 2442 9441 577 2922
3 2718 6274 1901
3 9927 4253 3028
6 3005 1170 6067 9682 258 9938
5 8133 7569 8450 6095 7676
6 9996 7243 2108 5827 2083 3749
4 4665 499 3680 7427
6 117 6438 7226 7536 6773 1003
5 8792 2511 3722 7871 7337
5 7329 7816 5279 9991 7424
5 4848 4855 9482 5191 3688
6 3168 3068 1010 7857 647 3093
5 483 6208 2760 1583 7822
5 3200 4713 5710 3635 3518
6 8758 1984 4657 3699 9386 4460
5 7993 5601 5799 2048 3234
5 6265 5686 7321 4627 763
5 3067 5234 6873 4131 7235
6 6724 4842 6541 2455 4526 1661
5 6875 8378 1248 6646 1380
6 568 2838 7690 2327 9945 4808
5 7975 1863 3233 8598 3975
6 610 5406 9286 1597 7063 8352
5 19 6575 3425 4449 1329
5 7585 3090 8368 6299 451
5 7357 5516 9015 2856 4692
5 7319 3778 1700 1464 4896
5 3739 8671 230 6071 2821
5 271 9626 6864 6336 416
5 4225 5866 2017 8845 4310
7 7965 8435 9464 2930 8359 4083 9178
6 2507 4228 629 1199 1821 21
5 1593 3578 2231 5951 9129
6 5440 9974 9559 8485 7761 1279
6 1995 3629 5262 7006 2204 6586
4 3294 4194 4887 343
5 200 5766 3583 9372 6555
5 7230 1613 982 880 9371
5 3603 3622 979 5039 5361
6 5402 956 2008 6811 5823 9211
6 6418 5719 29 4561 6660 3716
4 533 7477 6563 4793
5 627 2578 949 8922 1487
4 2297 6538 6829 2545
6 4071 4507 172 4840 2392 247
5 6139 3381 543 8867 4795
6 6607 41 7494 1455 3056 6317
4 975 1227 4469 6401
5 328 7406 8950 6337 7788
4 4307 8071 7435 7713
5 8146 3773 2214 4272 6675
6 2015 3208 3531 8440 2918 5923
5 2784 2112 9778 1775 8
4 6069 9743 8656 349
5 1757 7464 6319 7016 6592
6 2735 206 8379 716 7443 6795
4 4467 6587 7145 2067
4 734 8586 1135 5515
4 2986 7190 7075 317
5 6710 2275 6669 2057 5011
5 1313 6537 6674 94 188
5 7430 2305 1860 3018 1385
5 6228 9733 4704 4213 9360
6 7141 8302 4536 3267 4902 3390
6 8262 6244 6677 2479 8317 1540
5 6410 3036 6920 9575 4252
5 3375 5782 8550 1070 8091
6 1200 1777 4758 9408 1036 7133
4 8370 3362 3022 5242
5 6695 9925 8298 1162 4457
5 2934 175 8583 4052 4996
5 8699 7109 542 5146 204
5 5049 8449 2320 6692 1648
6 6424 4233 6098 2021 4322 7733
6 6831 7314 753 2206 6488 4702
5 5654 4706 1580 4899 6876
5 5282 166 9187 7599 7165
6 6189 615 1660 5715 8709 3456
5 5205 9926 4266 8812 642
3 306 5303 5342
6 1609 4973 9645 9018 6948 7105
3 8803 5636 4941
6 4935 5771 3512 2040 9414 49
5 3197 6430 147 545 7376
5 6053 9199 1796 8418 9338
5 1240 6698 2762 1749 2879
7 4742 7956 2559 9273 8233 5378 3902
4 2783 8306 8836 2594
5 3147 3435 7894 5648 1572
5 9347 6101 575 2759 9193
4 7444 6298 1389 548
5 5721 9820 9205 8003 6941
6 6706 5615 3176 4141 676 1445
5 32 1414 8361 5739 471
6 3693 8059 1521 1932 9979 4747
6 7471 9282 8072 8335 4991 9099
5 9625 7595 8720 9812 2139
6 1866 9707 4873 7778 8899 1928
6 1372 7884 8506 6800 2101 1288
6 8736 7186 1620 8343 1787 4118
4 3708 957 5520 3341
4 497 8945 8209 2013
3 5983 8665 4976
5 3608 4792 104 9758 2158
4 6239 9138 463 7632
5 7677 9819 4293 6282 2502
5 9164 6248 1275 6949 8927
4 4717 7567 6636 2255
5 2436 3364 9160 4954 1400
6 4455 7428 2937 824 4390 2138
6 2278 9411 5087 7176 4565 1044
5 5668 1109 3946 3142 7898
5 4020 4756 596 5805 2353
5 4693 8566 4495 5403 7184
5 1674 1835 6566 2688 2870
5 4980 1843 2857 3918 5653
4 3321 6659 2567 1895
5 3188 2963 2424 695 2679
6 2603 9140 2523 6808 5420 4181
5 4910 6409 6713 5428 4925
6 9670 3148 8529 1106 5589 59
6 8787 6402 7203 7091 885 1107
5 2883 3647 4060 4312 3644
5 7557 6280 2924 8045 1658
5 6206 7134 458 2295 8751
5 6849 6718 354 9572 7717
6 3540 7710 6966 1352 1401 7989
6 6031 502 9613 5453 7421 395
3 9757 1406 1817
6 8484 5189 5757 3701 8729 2200
5 119 7915 370 3100 4296
4 5887 3409 7900 773
4 9314 7150 1770 1481
5 8104 6971 6425 6823 2936
5 8832 9409 428 6668 2848
5 6711 9564 9361 3285 2544
3 9459 1260 6310
4 3445 9920 9060 9715
5 3692 1465 7941 385 5056
5 8559 8184 2 569 594
6 3546 3786 4376 8748 6146 2371
