3 54 282 31
4 167 224 16 2
3 34 185 67
3 168 281 35
3 180 40 141
3 116 172 223
3 216 244 266
3 275 64 43
3 41 254 17
3 184 28 115
3 87 204 205
3 110 202 142
3 99 174 98
4 108 39 45 183
3 88 258 251
3 164 29 51
3 212 222 280
3 8 157 182
3 80 243 120
3 0 102 250
4 4 214 112 132
3 103 241 289
3 72 122 152
3 249 239 78
3 85 217 106
3 134 158 47
4 296 128 201 278
3 286 236 215
3 299 26 297
3 7 14 145
3 246 82 155
3 75 86 126
3 162 295 12
3 159 146 242
3 220 197 262
3 210 50 59
3 24 68 196
3 62 207 231
3 259 11 252
3 203 268 192
3 294 121 104
3 276 298 30
3 13 195 1
3 92 27 176
3 161 111 66
3 148 271 55
3 133 191 46
3 127 3 100
3 150 269 272
3 137 109 37
3 58 209 288
3 95 170 97
3 260 117 186
3 136 253 270
3 193 89 71
3 144 6 240
3 225 140 256
3 227 114 229
3 107 48 194
3 56 190 233
3 218 61 154
3 285 177 143
3 74 22 279
3 187 83 211
3 171 160 178
3 38 283 153
3 263 70 77
3 267 119 257
3 105 147 49
3 261 90 123
3 125 237 293
3 18 42 9
3 273 73 69
3 19 118 169
3 15 163 228
3 198 93 189
3 57 131 84
3 63 81 130
3 44 235 52
3 290 23 135
2 200 181
3 245 101 151
2 226 291
3 60 287 165
2 232 199
2 166 238
2 53 292
3 213 76 206
3 79 10 247
3 129 138 149
3 113 124 274
3 156 25 94
3 32 248 208
3 188 139 175
2 21 219
3 91 5 173
2 96 20
2 277 264
2 230 255
2 284 265
