37 3729 3248 5123 9941 3533 3094 2132 6263 2241 6021 1479 542 5588 7710 55 8171 167 7945 2234 5141 9313 6259 5825 1738 6734 1152 1553 149 5603 9072 3546 4302 3936 1024 714 3441 8916
37 5071 4370 7283 1568 179 4951 5421 6804 6228 3817 423 3228 2402 7667 9328 1109 5193 8847 3320 5558 9375 6376 1665 1347 6914 6066 2390 3128 3033 376 9794 7076 5253 666 5106 2263 1039
33 9128 9420 5104 7953 6045 4522 7158 9465 9278 3318 7828 488 3207 143 4828 8753 1259 593 3023 7180 4666 5473 7191 9706 4061 6398 9056 7457 3680 9197 7884 8104 7383
36 6492 5148 1114 6697 7574 8616 6470 6393 7354 4140 6910 9479 1459 2614 3108 4581 3051 7274 680 1524 8651 9507 8448 7236 1403 1299 9896 6361 8749 215 4269 1883 9300 4973 888 3805
36 5961 5467 5736 232 2240 4913 5644 6295 7002 7110 1105 1828 4610 481 4144 8682 8003 9816 1279 4052 2606 8724 4953 101 2900 1671 637 775 9972 3310 3891 8606 3366 60 9537 1872
35 4495 3787 6109 2000 7138 3325 945 5912 3848 6311 8683 8288 8900 6610 5672 936 9356 176 6432 8010 7755 3253 6382 8853 9394 1670 9106 4090 6221 2649 5792 8028 3727 182 6385
35 3050 1953 330 2822 261 3710 7583 6092 5357 5185 6071 8954 479 4195 9380 2629 4963 8815 4262 6169 3012 7350 7994 6474 7506 5046 2297 2603 5470 9414 7567 8668 3364 4729 741
36 1248 9636 1495 8403 8274 1021 2180 7020 347 9403 3019 4804 8107 8897 3153 1375 2591 9078 984 3307 2361 4289 9849 7212 8216 2773 9496 213 6921 4825 5700 3684 1387 6916 4280 7977
35 6074 67 9452 1031 9599 4766 1063 881 686 4521 8644 8133 9043 2324 3541 9448 759 3907 7890 4182 9189 4624 7478 6336 684 1165 3029 2376 7589 577 7965 1388 8332 7006 395
37 2499 2750 3522 3719 4196 8230 275 8452 1695 2771 4879 5283 3686 7405 4103 1048 878 6024 9070 2979 1473 6365 4603 4296 2495 12 1606 8250 7284 305 9878 3645 1525 9054 7931 8080 2538
35 8552 1381 4899 5506 9002 8029 2111 1477 8276 7732 6134 3229 1912 253 9793 7724 1653 6714 2916 6469 725 7606 1531 9852 493 6724 3346 7700 5043 8140 5293 5413 4517 1870 8374
35 9855 2664 6212 3173 7715 8934 3335 9099 3506 9135 2779 8287 1185 5296 1447 7321 4502 1624 3 7570 2449 3944 7249 1564 2961 7786 5590 6690 9011 7836 7993 8179 7530 4055 8203
36 2650 9460 3585 570 9204 6655 1770 9478 3509 7827 9847 3687 7770 3087 6743 4372 4955 3317 5300 4109 2215 2559 1508 107 7936 5247 9986 1418 6349 3460 2029 9226 828 1732 9149 1649
34 534 2788 6010 7979 3161 4687 175 2850 4179 1667 2829 4253 269 4861 1887 1075 4464 9576 5731 1701 6549 415 9101 1106 5160 9371 6345 9928 3741 6062 3505 3619 3480 2557
38 6719 8978 696 5978 1399 303 962 1729 4391 7298 8704 4564 5288 4466 544 2981 4212 1156 3898 8584 63 9974 7815 4547 4286 1716 6998 1393 7053 8575 265 7172 6343 4893 3954 2634 1877 2533
38 9132 6569 6108 8773 8499 567 8957 7195 2510 4076 5667 2730 1318 9631 8844 8423 7488 6070 8375 9032 6080 575 8526 715 2242 314 1193 62 91 2505 4264 1445 4119 98 5857 7291 8824 644
36 2980 422 9542 2836 3027 9170 2018 9829 681 9183 4118 9659 6162 308 5693 5202 4287 1130 3438 1257 2643 1620 3408 8431 4501 8642 4455 6142 5223 9118 9283 3002 5161 7366 9373 3374
33 6985 6123 4679 9957 1478 8774 6749 2978 2199 6882 9269 6837 8504 233 9968 8008 3385 9519 4028 1456 2214 2093 7169 3766 29 5450 7103 1233 1168 4568 4728 6096 1973
32 3451 5440 419 2417 3436 4327 8983 4590 6692 8344 6559 7070 1920 3407 3868 683 2031 3196 9837 1654 8797 4461 5703 6538 8432 5889 1703 5740 8438 3828 7461 4732
36 8767 9322 7099 9716 9788 6290 7972 9454 9741 6444 8125 4811 3573 5184 5669 5346 8747 3164 3092 8604 1216 5583 203 1851 897 9310 5369 3333 4045 9088 1724 5981 208 9998 6294 8854
34 8925 2307 7896 9363 9239 2291 4402 2580 2958 7723 9550 6788 8237 7974 4576 3045 5444 8811 4623 2213 7091 8868 4101 1760 4395 6565 4304 8672 7368 4696 2370 3132 364 2139
35 6485 5670 4871 9996 4242 6144 134 6976 9208 8779 2197 4531 2175 3031 4445 367 7984 5629 4541 9919 9832 7339 8247 8126 4216 3422 3556 6608 2201 2188 5793 153 3065 3280 4810
36 4426 4930 7780 8579 2688 9808 9698 6716 4981 2931 601 9463 3298 6408 7452 2073 6702 3852 6371 2762 7668 1914 1449 5409 4704 6472 8038 5286 3421 6824 1579 9925 2887 5175 1845 4284
36 7725 9223 2191 2647 7579 7733 737 5463 6699 2367 7466 2877 464 5992 5048 2959 6410 5959 4751 3406 9253 5754 7409 9429 6758 3672 5377 6570 8275 2746 3755 4223 1437 1823 6937 6791
35 5650 1794 6761 2416 9948 2985 3760 8882 418 9624 2002 3688 1219 2685 1692 3858 7788 7253 9491 7834 9332 9995 3981 1602 9000 7031 8670 9347 883 7304 7162 4530 5474 6857 5015
38 539 6167 9798 9461 9923 6409 2206 3334 523 9167 3993 5132 7509 8702 8817 5359 6825 2925 5026 2150 6187 7186 2725 4677 7929 1073 7164 6104 655 2377 1358 6291 8084 2008 4627 7000 3049 7518
35 4162 8529 9381 8174 9108 4248 5630 2333 5491 3131 5918 1799 7632 3260 8002 3764 1927 8878 1228 4611 1611 5753 2179 1685 6907 3670 9171 3753 7493 7277 573 1512 948 5830 4096
34 8234 2470 5973 4505 5643 9096 8831 6102 5344 5716 5960 6615 2013 4351 4210 7314 9271 7741 2666 9820 4972 5784 4494 2207 5391 1148 7913 161 5096 2787 9932 8648 7216 2437
36 2128 5633 5025 1609 592 9005 8294 1043 2585 1256 1528 6498 9870 108 7040 6261 776 1306 4432 6368 132 4334 9848 9641 8730 8977 8864 761 3309 2554 2233 2161 946 9999 6478 6317
36 1117 5837 4883 1784 2964 7154 3807 7687 2741 4992 1549 6586 8353 1352 5632 4361 8573 7495 9155 64 2339 9050 5302 2718 2478 844 9539 9500 8527 4078 8370 6599 2272 2565 1922 1908
35 7756 1455 7954 654 6841 8716 7793 8645 7617 6646 2967 756 7529 2991 1948 5952 3565 8863 4365 7311 3661 4263 5483 543 5679 3616 3365 4442 9745 2546 9747 9358 6685 7987 3555
32 6121 6789 4298 5189 1526 3908 8780 5684 7743 5953 2419 4818 7604 5310 4802 4775 7471 6175 9069 6339 8013 3551 1748 3726 3378 8009 8068 8696 8361 4275 397 5380
34 5941 2895 4299 8196 9393 3384 2083 7128 9903 2926 5363 6428 7960 277 193 977 1192 3810 2403 1332 4064 7449 831 3821 8351 8984 8850 9982 5461 9216 5749 7258 3703 752
37 7431 1231 6982 8512 3296 861 1515 136 2231 600 9845 3618 1894 2441 8435 1538 2523 6595 4347 4255 6353 6493 4197 5994 4787 239 1343 7067 609 2285 649 8464 4911 4159 5333 3587 2971
35 7068 6727 5728 8564 2625 926 8283 455 7735 7465 6525 6233 4358 7762 6260 924 7515 9865 7142 2086 4051 8528 5782 9490 5990 8883 2700 8454 914 3185 2084 120 1844 53 966
36 280 4258 8163 8803 2984 565 5999 7679 8952 8647 7624 4130 795 7139 9886 8199 9833 7115 5365 4368 7542 6094 8663 9246 6334 2223 6274 2266 1224 1132 9031 4102 2335 5004 1472 369
37 2386 4375 338 1521 755 3025 7185 2529 5496 1017 6530 2817 2790 7308 581 9938 8161 1610 2165 8500 3827 1065 8601 6235 976 1368 6208 5322 7748 1940 6505 8058 4006 3996 6656 1623 9264
35 7270 9203 9890 9374 6138 4731 5438 8249 9594 408 7401 7523 311 6523 9828 4970 6773 6156 4664 4869 6899 7737 4631 3113 4823 6039 9799 1572 3880 9402 1300 7930 7153 4959 8727
37 89 8505 4087 2456 6622 3221 206 7303 339 5986 6776 3064 8266 1112 9024 7297 2556 1614 6620 734 4969 482 8328 2574 6457 2540 9980 7269 111 9361 7190 2277 2143 4894 7377 9900 485
34 996 7771 2006 8909 6630 1101 7539 2826 1993 403 9057 6402 505 9493 8829 7727 2392 5894 3994 7007 9532 5124 3125 8354 9045 1722 1071 7197 6571 5536 7975 5608 410 3022
35 4424 1555 8473 2709 3103 6381 9494 1000 5418 8261 8132 8159 3287 9409 1294 2878 1535 11 109 117 824 8189 5419 5807 3069 4794 7675 9831 4007 6768 9109 7940 6277 9364 2494
37 9547 2070 3949 7083 7830 8690 9148 4909 4220 8828 6286 2028 6278 6667 6396 1873 9041 4637 9033 495 5854 2632 2755 61 8284 7921 4149 3322 4191 6310 6812 3784 9734 2484 6876 9927 9633
35 8075 9365 4799 7775 5103 4328 636 6846 4964 7894 8681 9600 7345 9281 7356 5572 6911 994 9727 8710 5000 5613 3948 6213 8411 785 1773 5974 1791 8394 691 4864 398 4910 4343
34 6695 521 3581 5534 346 9428 9484 585 3490 9084 7560 6820 9618 1500 30 5589 9449 5261 6604 4227 6269 4428 5881 424 3543 6372 5906 8079 9821 9693 3402 4417 4406 2813
35 4060 2431 2576 3190 8222 694 3742 393 1743 3091 7348 3232 1639 8358 6585 7251 3838 4797 7923 9307 1446 1090 6011 5151 2522 1091 2835 6489 5423 2003 9840 3489 8933 7066 5197
34 3183 1245 2611 2849 9201 1867 6755 9725 2841 8135 2982 3930 720 4808 3211 1050 4629 189 8781 4083 4335 4770 9042 5416 9904 2019 7657 3631 6935 8980 6611 4071 4595 3547
35 732 6186 2715 3129 1319 4689 981 4271 9508 5640 5913 8646 1200 8316 1422 2766 1141 503 7816 2251 6031 37 5945 8324 9579 6836 5259 8066 5239 3137 2876 2938 3602 4755 7563
35 790 8812 8569 9607 9646 504 2067 8255 9237 4469 399 7937 8618 5244 3124 8940 7797 7915 9312 4892 8929 1457 590 2088 3052 9483 2351 9969 8886 9492 411 731 6415 6418 3651
36 7165 6077 6519 2955 5265 6199 2948 5407 8221 3548 4816 7713 5032 1982 4268 3853 3006 4771 3975 5412 9933 2506 6980 1574 6298 4895 1843 1441 82 1603 1154 3749 8733 5009 6823 2501
35 1227 3210 8419 1907 1591 9001 3757 5157 9391 4714 9111 7900 5007 3363 9306 267 8620 7096 8372 4105 1965 165 4694 8421 2274 3943 4756 661 7575 7840 9389 6947 2623 9812 4364
36 8224 8874 1396 8814 1026 6214 7129 3632 5321 8488 4307 4996 99 7208 8026 7745 4784 2528 3657 5924 4989 8752 6355 2130 5637 102 5862 2940 898 7629 9924 2861 3249 4373 4270 4579
36 2359 6861 6064 8331 1434 5983 2260 9770 4450 4509 8726 7324 437 5246 434 5109 6288 6897 7922 6438 6735 5256 7607 5904 4094 5101 246 4854 4761 5395 4757 8632 7309 4602 4170 1448
35 6893 3099 6281 7796 5079 8979 5186 4362 6058 5280 7943 5949 293 8545 8269 6076 5801 345 5932 4855 5493 9744 2621 4017 73 6736 7792 4747 1931 4967 7730 5245 3015 8823 6454
36 4194 4274 2404 8220 8487 7108 6790 5530 2886 8033 6309 7210 4620 7117 8102 5599 2453 800 8967 5433 2998 3614 8634 8971 243 3167 9154 7485 4781 5902 6889 8226 290 5726 7256 769
36 9288 3041 8602 2314 4931 3736 7375 9685 5414 1159 9 9357 4851 7087 643 791 4092 112 1834 31 431 7395 3527 9117 1516 8317 366 6001 7982 7947 1023 3704 27 4700 9066 5504
34 9663 2434 4656 572 2811 6081 363 5028 8689 9670 955 4937 3767 4622 7355 2135 6597 9175 5182 8475 740 7630 1643 5519 4636 8480 3258 4293 1029 9603 8494 2409 512 5459
36 7534 651 9121 3119 9022 1676 4332 8273 3534 663 9119 2919 7263 852 5429 6869 1270 6048 9959 5621 4178 8359 7021 718 9611 2064 5431 7864 7223 4659 7514 4025 9590 282 5538 1175
35 9366 1284 7660 1371 7261 5330 4858 2458 8955 8639 6807 65 7708 8335 8479 7454 9453 4486 9441 6013 6517 4323 7 468 4705 8861 6416 5511 5783 5448 1628 7790 3416 8605 6230
34 5826 5850 6141 7244 8845 2096 3599 3754 5765 3201 9640 3055 2222 514 7600 1801 6510 8202 9731 6783 6900 2074 7914 3514 943 2364 5238 4261 2760 3169 3176 7474 9749 1751
35 2090 5696 2947 3715 8914 3578 7911 4512 6093 2340 1563 4533 4707 7963 6285 1013 9344 1547 5462 9973 2488 6883 5917 2159 9763 8585 3562 322 4642 187 5257 6633 5876 7364 2166
33 2116 3887 3722 4948 2133 6297 3956 8523 3127 5092 1816 7102 476 3791 1888 8520 668 1854 8906 1430 6557 6701 6764 3804 2058 4112 2936 773 7104 8271 2147 9092 2671
34 6704 7477 821 7319 5620 5443 6025 778 9102 3901 5648 907 3111 8497 8524 5168 8071 106 9330 7472 5290 2 3152 2691 3842 8496 2776 1385 6844 4690 6728 1712 5867 3073
34 743 9435 6845 6293 3855 2164 209 8460 1461 9585 7961 895 3969 5356 5262 1179 8228 7742 6950 3093 6411 8352 8960 4905 1315 4703 9859 2761 7167 8134 9572 401 6332 969
36 787 3778 5034 2345 4380 3822 1290 6119 915 2428 2838 9004 7776 7135 5149 2372 1337 8405 2891 5614 3282 5631 5084 8832 2990 1661 2327 9548 4251 3924 5741 5533 2365 928 9777 3862
34 9200 6035 9068 2280 8802 6567 7821 3062 1291 9407 5739 8360 3342 2121 3133 9466 6358 4809 1958 8115 8958 5232 858 5567 2908 2004 3773 2515 5682 2541 2957 1690 837 5278
36 3404 1211 5814 9502 4339 1711 702 2173 2824 6867 9467 5403 7739 4986 8143 1183 6383 8525 466 9062 9248 8383 3202 1435 9457 6032 8289 2204 5420 5165 5449 2055 6464 6974 2412 8885
34 1413 78 8425 9667 6240 6378 2659 3060 1195 1483 5455 4169 8969 617 7176 4172 7508 1451 1771 8362 1790 9160 7781 8326 1565 765 5436 8988 1700 114 6164 6769 7415 9385
36 3339 3830 4831 7902 5370 8731 8805 2127 7093 3442 3475 1316 7294 6582 583 1015 6657 7420 6678 1798 2798 3233 6051 1923 1 2613 319 5268 312 9810 3997 4498 7838 8538 5852 459
36 5353 9615 7078 6406 4987 6401 5970 4154 1792 1170 5227 8742 4754 4585 5591 3276 340 168 5499 9775 2230 1590 4156 6114 9230 8806 6375 4878 7527 6726 9883 7883 4301 9185 113 2932
34 5502 2244 5840 8626 6073 4889 4383 7782 8787 7205 9557 3395 9186 41 3536 9626 6751 8426 3744 8280 589 1785 2156 2774 4795 9222 7427 4539 7109 8495 2628 1191 3922 4565
37 1533 2911 7779 9983 4460 8590 8532 1668 4435 5798 7970 4186 3254 3895 6273 4198 4005 1166 1544 1853 7467 7701 6959 6648 905 6698 4209 1849 7655 3743 4715 4295 7371 7621 2106 368 8778
36 4276 248 6200 4075 1615 4915 2987 6708 1987 8437 6675 4820 2225 9301 5681 6055 4635 6988 7428 2122 9703 7148 9669 5799 8371 8621 6859 1857 197 7130 6089 1221 5426 9573 9895 4877
35 2880 933 8201 421 447 7133 4155 5568 7039 4511 5601 4393 9942 9992 5235 15 116 8127 4617 2343 5738 9521 1841 4836 8060 3163 5956 3872 9774 2184 2131 6589 7650 1258 1189
36 1694 4661 6931 916 9914 7469 8867 6296 449 6583 9879 9674 6860 9370 6993 6473 9218 5596 8712 2330 3681 6258 3798 2114 6973 5522 7320 6496 3500 1506 3204 1469 5241 2791 8322 7503
37 6151 6264 3187 5298 7716 413 4396 3415 7011 5920 2228 8450 906 7862 2016 4344 3242 1527 9036 1355 3155 2443 7648 3285 9192 2970 1312 2884 7456 3962 9257 1741 1011 5396 7686 7592 9316
36 4919 8560 335 6787 6135 7051 8551 8976 2306 635 3624 7813 8054 7825 4773 9746 4116 5480 9701 6462 6573 9470 7235 2537 4768 5178 1808 3194 3792 4918 2749 7837 162 5942 6577 3763
35 2198 1379 9123 3793 6060 436 2338 6858 4266 6346 3453 7933 9804 5194 8589 3262 1517 3213 1826 9884 8697 6028 3797 8165 7018 2243 5125 9922 5692 6877 3765 5635 2287 9679 2479
37 8536 2176 1392 247 2099 6057 7013 9165 2912 3275 8550 9541 154 2934 9476 6143 2752 8962 1945 1326 9620 4613 8959 2729 4736 9994 353 1357 569 5968 2866 9526 5688 9291 7803 784 6520
35 1372 6830 1199 8130 6184 8671 2686 8061 3720 5324 3246 4876 5933 3904 9947 2545 2155 4225 817 8766 5947 4540 3058 3504 2497 7193 96 467 5335 7844 1072 8622 6234 3521 5790
34 8624 5609 3437 6865 4880 8896 5352 144 5523 2530 7215 7611 4282 6556 4641 4516 624 7538 4114 6731 1679 3336 1171 4314 7343 3222 8151 8398 6691 865 3718 4267 6251 9909
35 4326 8386 4009 5442 6621 4135 6394 3332 300 887 9888 9628 6972 1952 4235 1691 2290 3985 8343 5388 1589 667 3734 7464 8513 3819 9329 20 3626 980 9487 1164 937 6815 3549
