30 333 3632 6603 3322 8120 2914 4181 7299 6547 4885 2078 6707 5442 6429 3446 4335 9122 803 3728 2988 2665 3933 8173 3768 1277 6569 2731 4257 1738 7207
27 1434 9360 5740 540 8766 5323 1895 1872 718 9677 4425 4199 3605 3013 361 5393 5179 8208 7057 6568 8229 7073 4450 8117 769 4526 8696
26 306 552 5129 8166 3954 7752 703 8235 8238 9500 7370 918 3806 2631 1781 5043 1684 1619 727 4569 3577 2248 4237 5774 1551 6632
26 7418 7343 747 1024 3518 5867 4395 8486 5010 5440 3563 6878 7238 6302 1033 5103 7814 3935 8188 2160 7683 1305 9563 368 2467 4184
32 9670 3756 5944 3501 9385 3951 2218 5619 1245 6866 1555 6263 2320 1045 3078 5664 6719 920 6841 3939 9525 3408 6232 6468 8054 8326 195 7463 7107 9968 5591 5823
27 9145 523 2069 1066 1278 3757 5499 1282 7541 7038 3330 1988 3415 4420 8490 9098 3319 481 3428 136 6455 7486 3948 6041 8187 6159 9827
32 7277 8039 5197 5794 2640 4476 5313 7412 8737 2771 9270 2230 3430 5395 7560 8390 2657 9196 1848 6512 9144 8684 5554 4606 9834 6913 7342 1316 2329 6633 1235 7534
30 1179 1387 8078 2305 5308 9678 9055 2728 3802 833 1256 911 2373 1847 866 9609 2889 1 7079 8525 3523 607 4959 4271 9353 516 127 4345 9544 2994
30 8033 6638 4071 276 5263 1608 8701 4144 2992 2232 1759 4641 7243 6434 529 877 673 2193 3886 6079 5957 2490 3089 9965 2079 6251 9285 7843 6663 4962
31 295 7324 8971 5206 817 7528 6464 6341 3479 8834 5183 7455 3286 7404 4160 8475 4033 6884 9551 6685 9271 1617 708 4999 6040 5337 9774 3931 8225 977 5178
32 9413 9117 4458 9120 9200 9961 3243 3388 1692 5100 2802 8824 4919 2671 6350 7196 1161 6387 2453 8608 7762 3475 9749 9656 3257 7754 8241 2572 937 5481 6974 98
29 2446 474 2785 1909 6382 4009 4104 8958 7361 3151 2788 1435 9249 5063 8807 5577 830 9046 4299 8303 260 1591 4912 7868 7152 7789 3062 2016 531
29 6781 9538 5798 2769 1051 2395 2258 3114 1839 1423 7824 6206 9704 4602 6624 9411 1413 2951 8529 1977 3666 9085 9313 9301 8788 8987 574 9296 519
31 2849 3929 4870 6620 1257 8865 771 1944 2375 6472 8808 1825 2897 4295 1145 1866 4129 6045 755 8098 1438 8467 5019 6517 2732 486 7192 3816 2668 6173 470
27 2600 7216 1191 8949 3283 8046 8609 3335 4089 6979 6188 7037 5282 8015 713 112 4865 6020 608 3223 4296 2784 7746 1446 8374 8037 9982
26 6599 2550 2241 1614 3844 62 1994 8991 4205 3429 5506 2725 2068 3622 2845 9507 2270 3690 7940 1729 6593 8343 3583 6377 1484 4171
31 9832 4878 6669 9646 2000 357 4082 598 9315 1368 6538 1039 1309 301 9007 7346 965 6565 5056 9534 9779 5047 7627 269 7301 3135 732 8165 6094 8640 7936
25 3117 698 5967 5483 4053 8006 6902 8627 4888 8159 858 895 4448 8031 1789 2272 6923 1162 7445 2865 3070 4615 9698 5372 202
31 6340 4796 4794 3765 9850 3612 1049 784 4627 4377 3439 4953 9153 1118 1899 8144 2826 9217 1830 4776 4493 774 7398 4744 317 7523 5515 2441 9388 2719 8392
28 8725 8698 5529 2482 7177 9974 979 7931 7703 9562 6697 3228 2121 2842 751 7700 4118 1654 1426 5563 8280 5792 7998 6907 856 1762 7965 4977
28 3883 8504 910 5462 2815 4887 7149 4048 1219 8760 8369 7949 805 1701 9091 4051 2113 6087 2605 2831 9167 9004 1716 5391 2828 9474 7294 2494
28 4172 2765 8286 9606 5005 3347 3783 1420 4396 3262 3545 4147 6145 2220 3599 4496 6939 8379 7241 9649 6858 9101 4320 8081 9293 1345 1665 9784
29 681 1896 1365 6445 6819 4495 6309 9425 9260 4272 8260 3453 6352 4343 3942 6432 1828 8667 772 8 4445 6126 9638 8275 8672 4346 1150 8443 7234
34 9058 2996 476 3679 5545 9076 4553 792 1865 2738 4889 5142 1564 4132 7242 5732 5356 9996 3418 7273 5098 424 1901 847 7434 3307 372 347 9124 6916 2776 6564 8771 1851
28 3511 9445 7922 6284 8714 3186 7381 8673 3887 888 636 7596 8864 7962 2704 6837 7626 3359 3754 3466 3617 2588 2729 9277 2261 6776 8932 6172
28 2603 445 395 3987 4474 3266 7191 6817 5159 2055 2255 4667 5428 861 9283 5982 9659 8367 4359 829 7145 898 4927 4196 3451 7178 1868 7414
26 102 6197 5721 1139 9095 1612 365 9362 0 358 9267 3850 4376 3132 3437 5287 9070 4911 3342 1084 5494 8647 5560 2779 1211 7260
28 5371 2713 336 874 457 8615 7249 3091 3465 9851 6715 9793 1371 7740 4779 1457 7656 7673 2307 8692 5572 9496 3352 3527 205 3202 8151 2423
28 9191 9957 3044 6889 5210 8442 6244 4044 2457 2986 8536 140 5689 3477 1535 1783 5662 3419 7141 7959 8676 1586 1900 2405 7386 8810 2620 8395
26 5835 6845 7613 4769 9033 4567 2410 3683 3506 4825 1879 4546 2256 2692 5003 9316 3000 165 7565 8664 8287 1583 4571 1263 1727 3876
27 6130 3611 227 9806 3238 2637 851 3500 3678 2629 546 4696 2017 4161 3897 7206 5150 6875 3964 9245 6560 1337 3369 891 5029 7885 7887
30 3016 7256 8205 3324 5258 9772 2212 3346 9394 3724 8150 7135 1526 1436 2354 1856 9483 6050 8495 4861 9386 728 1381 2575 5016 5521 2501 5633 9015 1445
33 7426 2607 2330 5387 6032 8906 9520 5138 841 2689 4647 7767 7345 7830 5874 9959 559 4080 8226 7069 1931 3737 1075 5616 2461 959 6273 8685 9978 3547 7029 8514 9958
31 6885 5008 2777 6474 6313 5726 572 1238 7061 4874 1104 6849 5108 2780 198 5379 5270 9830 9011 3293 4498 4928 672 1658 6981 2927 7164 4961 6722 9330 5517
24 4052 7096 9933 2701 9485 541 4880 7614 1163 1962 6399 2300 4059 6417 1523 8580 8357 2392 8520 6222 6169 3218 869 419
28 9159 7704 6265 4400 8884 1178 6452 9395 8000 7597 9771 3637 2606 6716 9453 2632 1517 8221 2029 6894 3750 9026 6254 9713 6052 2616 4963 7540
32 1785 2636 1805 5476 4996 8699 9811 9719 3019 5556 6267 7401 3892 4431 6368 5854 2811 4351 7184 5239 2411 4842 6949 8380 9663 7302 1475 9878 6181 7764 1268 5284
28 9925 7175 3383 9967 1505 5683 2238 7142 1304 6185 4892 2153 5093 1661 5648 9409 3885 524 6853 122 4269 8411 1297 1974 2976 6920 7371 4875
27 2995 993 2652 2512 1758 5574 9484 1373 9648 3090 4388 6215 3603 5803 6176 6846 1088 9922 4860 72 7017 770 735 8606 7166 7926 3570
28 7833 8440 8118 8586 5461 489 6274 7592 3242 1307 5584 7059 6310 3356 7114 9290 5248 1736 5708 5111 8806 723 441 4666 5926 9731 7978 6511
25 719 3288 1186 9956 2221 4948 9619 5053 9910 3484 5847 6544 2893 7033 3137 7353 2271 2688 5576 1061 9661 6532 4683 4063 5885
25 4078 5595 3476 4067 5423 970 8204 164 3651 8912 3797 4079 2877 3063 1832 8847 7428 1065 9603 8169 5677 978 9947 5915 5644
31 4935 3353 9820 446 273 8162 9416 879 2489 9437 51 2062 1214 1972 2428 3464 7725 8972 8155 5419 1394 7254 579 5981 3112 251 4798 7923 9094 6320 697
23 820 9460 7648 6718 4673 4004 3086 4657 1319 7612 7831 9119 8196 5242 5980 6803 217 8811 9523 2926 396 4354 5690
33 3249 4119 6001 5557 9104 6363 4739 8266 8970 530 3069 4031 974 8769 3303 1829 5540 3677 1416 2929 1400 7716 3178 6071 3413 8852 8112 7604 3940 3173 2781 2587 4347
30 9392 352 8870 5553 2003 1264 7845 2301 6205 4640 74 1349 1647 4440 8089 225 1698 8124 1047 5495 7350 3142 2035 8521 7799 9524 2478 9463 265 6405
27 1808 7574 3482 8063 8293 4273 2161 3018 6572 4544 7785 3502 57 5718 3512 8333 976 6700 5625 6101 4663 9020 6704 616 6650 8470 7759
27 9189 8730 4088 2350 5051 6105 8937 6562 9314 5023 8122 4519 9780 7712 4371 4378 2663 4812 8662 9479 6886 9722 5702 5650 3305 2942 3232
28 7136 9826 2711 8625 3201 304 6000 5353 4117 8251 7291 9908 4379 2114 9736 58 999 1213 6938 5745 3133 9881 2883 9517 5678 3092 8898 1111
29 8141 8568 5492 5895 7625 343 2435 9939 8224 9821 4591 2056 1667 4258 3799 9174 8537 2702 8086 7504 1755 2347 3947 3688 3706 7518 7517 4422 7899
30 2870 1826 5771 7566 9984 1197 6211 7668 4069 5253 2331 1861 686 3685 7199 7630 7365 255 6110 4211 2377 2503 8789 8202 7617 5215 5548 7478 2957 4058
25 2822 7539 8513 6351 9096 163 9892 1132 1688 3863 8815 133 2014 9430 263 5841 9199 7168 4041 3676 6801 2618 6203 2829 3386
29 5604 3209 1816 4034 1588 2391 2266 2679 111 1120 2947 3191 3174 5367 5994 1439 1673 7514 2886 463 5338 8430 9433 4907 7810 1464 7362 1185 8019
30 1572 612 1862 130 6402 2966 9504 4282 8292 3654 7390 2243 8967 1003 9464 1894 1057 7221 5272 6768 6285 8209 6066 8962 1877 2778 6022 9767 3554 4506
32 2038 5465 9470 3855 1675 6493 6516 7910 2135 243 7693 597 9231 5175 7939 8222 8337 5015 729 6451 8148 6968 211 5630 2641 3624 5039 7154 8484 9645 6656 2084
32 6430 493 8579 8399 702 9378 7253 2755 4096 209 425 4003 4040 1206 3360 8591 4855 6111 9262 1246 5335 7786 4558 5085 4108 6631 2953 9705 951 3038 4871 5273
27 9351 1425 4581 4480 4227 6985 1521 8517 7743 3298 2325 3819 2833 2413 8882 9673 5567 1763 4187 7170 890 6592 1538 6013 7542 7697 7756
28 9738 726 2766 7579 1239 2747 2908 7202 1603 8944 2808 7213 7429 4515 8109 1496 5447 2798 2592 155 3097 2285 7048 6415 4827 5950 1954 5698
29 1717 2090 3972 2693 2535 2841 15 6994 4263 7409 135 4599 2520 406 5962 2970 5539 302 6689 7262 1987 293 6019 9508 9805 6360 6325 7854 3580
34 3440 2417 1468 7115 416 432 6379 8494 9864 4931 8689 9327 6672 5963 2314 3646 5477 1063 7932 5827 4853 3282 2458 3658 5888 7140 1112 3936 7106 7788 5960 4998 6179 6906
30 3387 7395 4217 2147 1465 4183 7572 3417 5639 565 6409 4163 1172 7973 92 3211 52 1741 6054 2700 8930 9275 8531 5286 4326 4020 2268 1678 119 2634
25 7678 3991 6234 3380 8820 8726 8076 6097 59 6449 6954 1662 7167 3927 9140 842 967 9875 757 316 9667 1975 8585 5007 7688
31 5634 6956 626 5669 2971 7894 9640 2053 3587 902 7117 5238 2548 4316 7247 4180 5332 998 7053 9999 9796 6863 6734 988 6541 8736 415 9869 852 7187 8194
28 7653 4753 6200 9039 9079 1283 5125 3780 7812 8253 2878 237 664 6100 8497 536 9901 6023 1463 5088 8648 5305 3710 3406 4412 3381 9404 233
29 586 570 9213 8590 9128 8584 7327 4642 5315 4289 7727 300 387 1774 8752 6629 2508 1338 6043 827 1687 5358 1374 3712 8893 4600 8412 2561 973
32 3875 4466 8207 108 1964 4917 7430 216 7790 1167 8493 2207 9089 2040 8939 6298 8722 7290 9712 2219 1973 4086 7646 9373 8905 2302 3478 4840 7726 4699 8360 9163
32 5455 9248 9561 7698 4219 3411 238 7621 8553 3297 6331 6436 4679 2760 4582 6025 4423 4215 6321 270 887 4836 1087 6549 7920 1979 9364 44 2514 9573 6240 5987
27 5260 3592 6729 7611 4050 571 7016 2591 3803 5058 7955 7387 5291 8278 1103 3896 5174 471 7943 4711 5004 3053 3374 1978 192 1672 7947
31 4523 1833 2874 7458 6961 659 6242 7650 8831 5302 4145 8602 9993 8296 9651 1968 3368 2658 2806 7732 7550 5544 8557 808 6506 6059 4913 3589 2267 9481 3767
29 6042 4390 1410 5082 7158 3854 7316 1194 8055 9812 2100 4284 1034 3390 30 7146 9630 7813 2087 3244 6165 7904 7101 7601 1115 2796 1714 6133 8945
29 6440 4236 548 4717 8829 5940 6966 662 2601 2680 1620 5514 7906 5768 2973 585 2753 9426 7999 7879 1157 9146 6501 8535 5728 8935 1891 8062 9741
32 3660 3496 7929 9751 5744 8572 3480 6160 3785 7484 4243 4833 6989 189 8426 1892 2225 1453 2568 5123 4372 2750 6383 8888 880 2063 6761 5549 2306 8240 4502 6301
31 6229 8125 1734 906 6580 8410 1222 3770 8641 1683 1708 5192 1215 4985 231 7001 7692 9469 8034 6487 4399 9611 8863 4342 6848 2491 6002 2275 8270 2007 6202
29 7851 9435 554 3598 931 5022 5376 7660 7869 1329 6927 2066 1280 7620 5581 3463 2327 4819 8800 5663 346 2072 7895 6654 7966 9161 2810 2952 3595
29 7138 9447 9522 3 5224 7338 1098 6233 569 6210 8989 7532 428 3096 9387 7591 5631 7127 7783 1625 6525 8825 8405 1997 3098 453 1184 7066 9343
28 8450 3628 6890 3268 9549 1133 6057 6361 5879 7466 2076 5441 7321 2615 7363 645 388 1376 6558 3924 9789 6769 4531 6503 2487 9615 4708 7162
30 6507 7760 8678 6294 8026 1855 5368 4454 2613 1259 3825 5890 6192 8384 4011 1507 6530 3102 1231 8161 4305 1208 8838 2427 1718 1798 5526 6823 7153 5921
29 156 9594 4170 4091 9073 9817 9777 6395 36 3215 9376 2122 8352 3585 1636 9588 6204 6758 1480 8612 3725 6548 469 1347 4580 573 6074 2623 5831
25 2098 9155 6347 7309 811 9891 593 4795 1012 4550 4204 741 2382 1553 5758 1341 7479 4770 9926 8157 2383 3014 8024 2530 2907
30 4141 3119 3693 7011 4629 3292 9462 791 4076 6747 9854 8499 7531 4375 1642 7112 5220 2581 8942 3891 6792 562 2002 4620 6108 3614 8487 9188 6279 9997
26 602 4805 2604 8613 2506 3267 5901 1541 230 2763 7990 7298 9424 2111 5385 2596 4261 657 2476 8136 8515 4222 3467 439 4793 3818
25 9215 182 7689 1554 7488 4672 9853 452 1389 403 3094 6892 2251 9077 649 4879 7293 1041 4624 6583 7281 4619 8782 3101 1397
27 4768 5482 4099 3582 6520 4298 383 5496 1326 8067 5106 6129 8558 7018 3047 6104 9676 438 1803 7198 4439 3862 3447 8393 8077 3872 7775
34 7318 4764 7245 9440 2198 8432 170 1644 6177 33 3122 3715 4856 4873 8094 6996 9326 8901 3499 8519 5357 2118 3967 2455 2787 3910 6717 8376 2544 2911 2969 1027 126 9138
30 3153 4057 4632 2649 8130 2085 4391 9537 7980 6027 117 1676 21 7108 3817 4601 6873 9757 8908 4070 4786 3566 4816 9945 3111 426 9894 6266 5204 9697
27 8946 4754 1377 2469 6005 2024 8281 3610 1707 4446 8458 4720 6460 3771 6398 9197 3805 6400 2216 6984 885 7905 2694 7332 7856 4897 7559
28 2851 6543 5113 896 3992 6816 675 6167 6630 7352 7340 9261 5214 8051 4538 1886 6343 3773 4939 5684 9486 2046 2571 2170 3421 5285 4037 9770
28 577 9688 2265 6488 3149 2965 1442 6299 9457 257 8013 5811 8413 8915 5378 1598 8171 9005 5656 7255 2612 6316 7972 4381 8986 2523 7194 7368
25 962 8492 502 6864 6322 9397 3830 2303 6268 1248 8573 5451 2342 3674 1221 1950 9626 4725 1910 897 4608 9208 9030 7474 7492
28 6424 3878 2244 8439 3881 7896 685 7748 6666 7876 3548 564 5611 7388 580 7515 507 1884 9530 4016 2764 1031 6289 3938 7100 172 5470 3021
24 7584 4994 2304 1124 6125 2770 4385 5474 3058 9855 1321 6741 1511 8041 9294 9693 9357 8635 6 8510 9099 3468 3422 6576
34 6428 2378 1846 9227 7867 2168 5318 167 8022 6186 9338 8483 2509 6586 5592 4749 213 6156 611 4555 2246 3790 7372 1696 7497 1078 7224 2824 7505 455 9535 2789 547 7652
32 9180 2795 9075 3172 9940 676 1677 5296 8377 420 266 9363 5124 3629 115 4090 2125 5484 1336 6739 8233 3012 3115 3140 8104 349 2721 2990 3045 7852 9650 9354
28 187 275 6785 7329 291 9139 8727 2027 9451 1431 4047 3314 322 3801 6418 2945 3184 7684 4670 4563 6702 614 7616 4746 121 8110 9841 8799
27 327 1942 9136 4957 2144 3332 674 2274 2909 5480 1085 6272 8630 7124 5746 568 9297 4357 7821 1324 767 5571 1765 65 7424 2296 8311
29 9822 8407 1764 6671 68 2169 1059 7976 2673 6446 2175 194 7925 5018 3778 2151 5067 5642 3193 3535 7634 4308 9972 3498 8043 8582 2380 5991 2103
28 9141 1925 5377 3671 9286 35 8478 7405 619 9375 933 9158 1249 210 8168 461 6725 5778 6896 921 2356 1497 3219 4291 2189 1399 1212 1766
27 601 1330 8885 4834 1093 8828 2318 6256 8562 9092 6728 4128 367 7013 4800 8707 9295 3976 8457 9775 5341 9022 3909 4702 7631 5227 5954
31 526 1577 9942 6857 9702 6348 6618 9599 5439 6847 391 9090 3846 292 2686 9118 2540 1122 8319 5688 9345 5697 1335 9521 1912 2109 5173 4995 9900 8768 2480
32 9168 7313 5973 8324 1737 629 6566 8920 2247 4110 4844 3635 4179 6457 680 1713 2949 6492 5899 3231 381 6937 8312 8388 1529 5665 8823 566 3719 3120 5618 1596
29 175 8177 7394 2145 7147 3804 2748 9753 8812 2286 84 8899 9862 2080 7588 1094 6323 4164 5773 4886 9541 5722 5099 2638 5380 4820 4337 4540 5666
29 2150 8468 6980 3181 2736 9123 5797 9407 3079 9795 2280 9660 4990 2590 9278 2981 5842 6924 6649 5573 3915 9206 4426 88 892 47 5609 3530 4576
30 6808 596 7219 5086 9454 2279 5610 7526 9733 3813 7802 2412 6486 5782 4218 4276 981 8758 5246 1379 4220 8626 7736 9813 9886 9679 4384 8416 5473 1793
27 1408 8121 7529 5345 2343 4192 1760 4015 3513 7045 1668 2116 6763 7491 86 9596 4609 9214 4668 3294 4651 2856 4228 556 9444 7997 4361
28 2758 3833 6482 3099 5349 6481 7944 9781 1082 4306 2643 9372 3507 5767 5191 8329 2245 2972 8199 6193 9516 5762 8998 7074 1874 3289 2594 2980
26 3448 152 846 8080 9019 6421 2137 630 9986 9006 4229 793 1002 4100 5894 8787 1918 490 1649 3276 267 6799 1812 9904 4923 2681
31 8551 3179 4807 8927 7331 6995 4278 2687 2106 4025 8680 5763 1849 9654 5080 9902 2979 8140 8982 9487 9396 5920 5992 826 8729 3015 2749 1022 9100 2791 7747
26 6933 1573 7335 952 6410 4639 8285 7392 925 5350 3134 2560 3684 7172 303 9867 5283 3965 8344 9472 1686 9148 5569 3633 4605 7796
27 6056 8406 3640 968 3259 73 2195 5875 9499 70 7009 5974 6811 4410 3616 9935 8866 5431 7446 9102 3023 3084 8803 8542 8272 6865 1635
32 2223 4974 994 1037 9224 1325 6168 682 4975 5925 6912 2083 8889 9497 4081 2761 4373 9355 9169 3602 370 8795 9000 366 1500 7647 8197 5667 3074 3057 3024 7364
28 3256 773 3911 5555 1080 1740 185 9989 8679 5769 4460 5603 1948 7919 8362 5652 2043 8461 4868 2023 2932 9259 8809 3848 7713 1288 2585 4916
27 7080 9417 9459 6869 837 8873 1609 9921 219 6999 709 6836 6462 2869 2006 1450 97 5264 1570 6771 3572 6832 8979 5294 6332 845 1627
29 1711 9446 7030 89 9636 5020 7773 3272 4545 409 6069 4732 3241 2370 3889 4317 3747 3287 2593 6120 4330 3357 7092 3626 2250 7858 3138 1503 2518
29 6096 3815 4481 7890 663 8746 7369 7777 1980 7419 1000 228 6024 8675 6743 9209 6802 2164 2515 4073 9086 114 459 737 9613 4548 7817 5988 63
28 3922 4473 7148 256 5566 1772 3949 6419 8488 8974 4489 7928 9545 1091 2204 6591 2034 3820 2070 7070 8059 4675 6840 4038 1576 7156 6842 7460
31 2635 1271 8781 8745 5520 8833 3049 4788 4452 431 2558 2178 9983 9303 922 8926 5590 3880 7143 2081 853 6109 2619 1372 2437 9065 1594 2844 4592 6142 6835
33 6975 3665 3551 9695 750 5241 82 5478 9121 7296 4350 2064 8993 2071 3402 1920 7941 8066 1885 7556 3574 8310 5487 4924 2676 7749 9536 6899 4008 749 1981 3956 6625
25 9321 3877 5077 2906 3898 3001 484 9885 5035 9575 1320 1128 2546 3344 5643 6494 6527 1090 8473 6694 8433 3988 2123 5836 6091
29 7609 6190 9157 8797 1398 678 706 93 1725 1302 7305 9526 1935 3416 9279 6182 2645 5531 2181 2407 9644 4982 2102 9198 2065 8658 240 1638 8096
24 4661 3171 1976 2746 4514 3486 1258 6675 6225 8892 8335 32 8129 8837 2521 8056 8064 520 8818 6782 9710 5736 3071 5453
28 8544 4398 6093 7014 462 8549 8375 9107 3205 9442 9970 4728 8801 7589 5833 9668 9683 7200 9928 4972 6831 9061 1841 8219 4936 7968 7837 8009
29 2440 3025 9601 6250 6925 5945 443 7751 3745 4341 5749 8862 5281 7308 831 6345 5409 6621 812 7325 176 1902 6391 1995 2885 8749 4947 6947 537
29 2584 2414 7782 3505 4151 5400 9027 9565 7317 4527 9818 4178 2408 9008 6851 1632 6967 7160 3217 8102 7945 4255 7717 5985 1705 7246 8743 8387 8114
30 9111 3704 915 6655 8547 375 2429 1854 9554 901 5413 5304 9655 8755 9707 3073 3525 1403 7628 6788 3433 1343 6917 3729 1800 714 6637 9829 8715 9410
27 1999 8472 4169 4650 4248 2782 1777 8876 1802 4281 7838 2790 600 6147 7378 3109 8827 488 2362 9226 7461 9205 8559 7261 641 1428 1911
29 8724 1134 3169 5751 1417 7952 319 8506 5757 5090 5036 9809 4583 5450 7853 4328 5989 4023 1366 9911 3200 9631 8308 5538 6327 1454 9152 6647 6575
27 8644 4066 3210 7481 60 5949 6779 4969 2832 4201 532 1650 2800 4072 2740 8095 4752 5799 2733 6903 699 640 8244 9045 1615 8744 2406
28 3145 138 1860 4573 8368 6112 9406 8904 1837 3835 1544 3220 3108 1530 8135 9560 4763 1116 9341 3221 9849 113 9025 20 8880 2985 7470 7134
24 691 8315 9037 6030 3696 338 4597 5105 1089 9593 7958 7104 5716 3786 6223 9564 3329 9088 8359 4790 2203 9987 7533 7021
32 1769 6214 2152 3618 3735 3126 3907 4355 177 2499 743 2646 83 2859 9824 683 1927 9323 6760 8429 6839 8817 1008 2240 9493 5719 4416 843 4518 8228 6732 7264
27 6423 7439 6258 4909 3557 2519 3669 8389 5838 1096 1889 3456 4294 2032 9050 7888 247 1156 4464 2438 4029 6887 8100 806 2902 6390 6491
30 4891 7643 1938 3643 4757 589 9456 380 883 363 3487 2030 8448 799 533 1173 3639 3596 599 1252 3843 7818 7360 5158 3655 6308 1540 7850 3769 9478
28 3183 2803 3316 2614 4867 2242 5512 9149 2525 7847 3743 6454 1292 1467 3920 8960 8087 4389 4778 9319 5902 8716 4741 7520 575 8774 946 9204
31 7995 6610 2442 6635 8074 8594 1932 7111 9994 689 2547 1032 331 3508 382 8254 7763 418 9405 8997 2180 401 7339 5872 1357 5221 1939 3226 3366 2956 8265
32 3236 9727 4503 7183 6509 7026 7986 7974 4175 5759 2707 2289 4533 4401 5488 55 7860 1761 917 6075 4934 2200 9823 1940 1362 1005 5764 7413 2448 4461 3334 1177
28 1466 4759 4318 2141 9263 971 5360 4264 1092 2720 6143 2682 6175 2695 505 2379 4202 6199 8900 6964 1782 8014 6335 9082 3274 7322 5851 124
28 7427 8961 6597 7695 5333 7180 2840 6826 1897 4941 5290 2984 6945 7126 8860 8158 4742 4604 6805 9578 6290 4733 8084 9170 7731 5621 6680 582
29 1579 207 6392 1924 9366 4442 4587 5671 9350 8469 4062 6191 9703 907 178 3377 1536 9276 6058 1286 3445 6089 3022 9335 2627 5543 9452 2901 3826
27 4065 8523 3782 16 7742 9590 679 2179 8655 7209 545 9228 6484 1171 8764 7499 2026 7283 1355 2174 4210 9201 3930 3993 1313 7839 4625
28 8858 4611 3460 2335 7864 5658 2775 9238 996 4483 3105 4021 2539 2390 5230 96 6220 2425 307 1230 4234 6608 4039 4631 2088 282 2528 9941
28 3831 8383 5262 3027 8073 1558 785 8756 8968 3037 3865 5547 5818 3879 6601 5202 7702 2447 5399 2045 2861 4203 5558 6086 7791 8792 8683 2254
30 2734 1893 3914 4200 908 949 7607 9467 3158 1693 4652 4782 1182 2977 8925 5786 5299 2653 2839 5816 6247 5339 2074 5657 3998 9374 9765 824 6055 341
31 3039 3076 3198 5245 6117 6102 9190 4307 6676 311 2001 8668 7863 6997 1097 4098 5646 904 5394 6505 4301 3789 8342 8748 7303 9069 1404 9916 7934 7886 6422
29 1641 7639 7918 1100 2756 6046 5117 2609 9235 9954 5403 8917 3794 239 4045 989 7072 4125 6905 3046 1757 1624 3309 2597 1527 2533 4698 6513 1508
29 4189 687 1247 1267 2358 606 1784 8791 8874 871 7268 4612 8855 3321 1294 6670 8550 2224 7829 9465 7208 7874 1274 9063 4459 617 936 6810 6090
26 8099 8227 5534 736 5705 1441 794 7745 9093 1986 5661 6406 6540 7081 6124 3222 1043 1702 3206 9379 5624 3208 7677 5092 4956 7502
28 8849 23 1036 1220 515 8050 308 6300 4542 7071 4136 6010 1498 157 2130 834 8186 8016 1234 9305 6602 3752 7738 1209 3962 8068 3279 6051
28 5919 6497 5881 3442 220 2096 8793 3675 3144 4028 8661 9185 7587 9716 5187 1780 244 1984 410 9569 296 7666 7770 4411 5374 4881 6737 6164
26 3042 4060 3921 9568 7485 5580 964 1174 4724 1519 8318 2050 7400 5578 2666 1887 5958 9528 46 3739 9318 7453 1449 6881 2157 8670
28 3155 4433 9685 5583 3009 8966 9803 106 4457 9883 5906 223 9739 6908 3175 9024 3213 5154 2131 3378 1528 7562 2177 2505 4287 8409 5877 1648
25 9371 4122 8415 7161 6275 2401 1794 5201 499 5293 5314 7766 5852 5497 1070 9 8480 2022 2277 9402 9348 7711 6028 655 4331
29 9742 2496 8952 4279 4123 4252 4621 9240 1477 8131 8511 4101 9287 5947 5443 4838 8082 1565 7506 2742 7594 2545 6139 3859 6305 3663 8619 2291 5561
31 2717 5147 4115 2351 1745 3620 5724 9899 5860 4950 4387 2403 789 4945 715 7816 8842 1819 6078 4406 985 8403 1992 2222 3032 2363 5120 3239 4270 2915 2783
28 7828 1712 3867 3050 9258 3573 5739 6740 3300 413 9012 5869 4032 7792 5073 4177 7236 905 7507 9195 3861 8088 4075 8533 4380 7741 2532 2659
31 42 3533 271 7384 9515 1152 132 6049 3275 4185 8398 1011 7761 199 8857 2262 1744 7075 2888 4470 5594 1578 1101 5143 6957 9377 9686 6838 5734 5562 4329
26 2805 9913 429 6407 5148 9856 2920 8178 3185 1306 790 8215 3982 6082 7953 3978 6963 1225 3550 8069 206 4979 6709 5844 3403 3531
32 9106 5837 3258 5668 7232 4730 9393 1344 4997 6711 1724 9057 8476 3147 9763 693 903 6334 4669 6195 8524 3564 6031 142 752 8779 4490 3687 7900 1136 6639 4821
27 5552 1109 5984 4896 6459 3560 7116 8646 1081 5687 1158 8659 6552 376 4112 2231 4453 5986 8397 7085 7501 814 7595 9244 7435 6932 7049
29 8103 666 436 8851 4715 3537 43 87 4938 739 868 1695 2316 4943 2185 6518 1720 5853 5605 3738 8951 5452 2964 7477 3979 5712 8879 496 4131
26 9340 1660 1424 6770 4910 7865 939 8349 8309 881 2825 8963 3382 4280 1858 3204 5415 9230 5641 4403 2294 7490 3237 3653 4594 3952
28 7849 9166 2954 7707 2384 9147 7915 2310 7927 6037 8466 1723 1680 7288 7844 6384 1195 5038 8048 1949 7263 9550 1685 8018 5586 5021 4097 2504
30 8090 816 1038 5997 3462 4436 4084 2154 6919 7891 5119 9835 4869 9919 1621 9729 8370 4570 3248 9105 3749 4209 3066 7687 8955 3946 9001 6008 3970 6596
29 6613 9887 4797 5917 7230 3744 8957 2801 1485 5355 6171 5828 3849 7586 9252 4727 5622 8702 6827 4285 2816 1699 7512 3154 809 427 7008 7270 7326
28 3384 2182 8346 7487 2418 1715 8790 7349 8182 5222 7122 5292 9490 8378 8373 7310 1351 6678 3337 3569 5328 1311 4884 1634 5317 9866 3901 6830
29 1141 8424 8835 1590 9236 5855 8778 7408 3558 4325 8593 1395 3705 2010 8610 7218 1906 1073 2696 4528 8456 3994 8075 3351 3842 5582 8731 5375 5044
27 9054 7871 330 6935 4697 6731 320 690 6328 2735 5404 924 8761 8990 101 5733 591 8822 9449 9265 9977 9633 3354 390 6269 7718 2936
29 9581 3361 2847 5031 5713 4093 2642 7278 9949 9976 1548 1747 909 7696 2576 131 7836 2321 272 3966 6081 3990 8252 3542 8637 1295 6442 503 2388
31 4804 4182 2557 6756 3391 2599 4030 4628 2409 2061 8794 7935 3146 7884 4551 512 2714 1224 5617 1645 5087 8354 5922 2025 8045 1580 1287 2537 5859 6673 2661
31 8057 159 1348 5886 7109 3836 8417 3299 6750 8528 5070 1233 6800 2610 9365 7493 6644 6180 958 8271 2460 6443 3230 2366 5234 6408 5937 1607 6960 1773 3399
33 2163 7569 1835 7416 2339 9629 5052 6519 6727 8642 204 5045 3364 1069 5024 1314 2019 6006 4610 9066 3088 4987 4333 2628 4920 1018 3141 2709 7521 7002 8061 6942 5193
31 8709 3075 8710 544 6910 5 7464 1917 2562 1193 5121 8677 7776 1244 1952 2759 1905 8190 4614 1456 4946 4541 6529 4772 4242 374 652 4973 5275 4268 9914
31 13 839 3856 1499 8872 9963 9585 3667 5170 2313 3544 6033 2495 2534 1664 6977 9709 3031 9726 1334 786 3165 1183 9948 3450 9143 5256 1270 6542 5970 5738
26 724 5130 1021 3005 7575 6868 3917 5850 4575 525 1444 1402 5840 9390 3067 7615 716 6528 5271 6691 2934 8706 3588 2938 2075 3642
25 8854 6683 6463 854 2037 3703 8649 4055 9254 5501 3121 1406 2077 5027 5884 9985 1284 7452 948 9766 3493 3207 1916 6235 6804
28 5959 5756 5675 8717 5251 8027 7185 1562 3644 1836 6344 9110 1960 3317 4120 7909 7271 444 8947 4491 7686 9623 9819 8058 6076 2143 5928 6061
24 377 1670 1380 7279 6822 3170 8001 5935 886 6138 345 305 7564 6628 2292 454 7266 1481 3438 7457 497 8501 518 9918
32 7914 5030 4766 5613 4214 9816 813 684 2574 4524 2722 9690 6856 3110 3488 8038 4748 99 2206 3571 8133 7129 5602 4806 4859 50 9253 6921 7938 6447 9847 1921
28 2381 1831 2297 4944 2 3919 5116 7239 6744 6236 6860 2595 6914 3273 6137 4277 8175 7159 9040 2723 3365 3087 5873 692 3779 2498 8216 9418
28 5046 2086 4238 9951 2353 289 8754 6738 4566 6329 5983 5533 1618 3199 9359 7758 2792 3718 4618 6526 7182 2566 7289 9642 448 5507 5635 9358
27 45 2864 144 2252 309 1575 3858 9289 6531 3553 3290 3284 2656 6453 5737 6712 508 4451 5871 4022 8735 6489 9865 7930 340 4771 9577
25 8561 4751 9966 3762 899 5396 8249 1883 4095 3379 8894 6367 3028 2348 7500 7189 8313 7819 1077 2374 1815 3697 624 6587 2249
27 1965 9868 5127 5826 1210 3847 4734 1127 848 5856 6574 5568 2276 3759 6433 274 6850 9647 326 6346 6370 8739 4061 860 6435 8180 447
26 9888 27 3471 4195 9268 9391 6686 3625 7393 6412 6918 1493 3695 6228 6072 2697 8023 9896 6004 5892 543 695 1119 2904 3059 1637
27 8220 5149 2396 8697 9229 7406 2136 2937 9420 7082 2857 8844 9618 9233 7809 6362 6521 7881 7003 8656 3591 6659 7287 9759 4197 5513 3748
30 5588 5049 5938 3051 5612 8421 5079 7960 1370 8628 4212 4383 6915 3753 7795 4534 2420 1273 9114 3691 5995 4468 3578 8567 9342 5813 4552 6626 5789 3810
26 929 4951 2715 7120 6255 5857 9675 9798 6277 6820 5083 9035 8149 2287 9624 478 6777 8868 3296 4208 2284 6077 8485 3652 8268 1993
31 4322 5535 7606 450 5237 9732 6844 236 956 6559 6473 6708 4374 3795 6060 1261 2551 14 756 5464 4653 3052 8643 5651 8427 4176 2626 9778 1001 5002 5953
26 8595 49 1175 1422 738 6389 1730 1301 3925 2705 1303 339 6483 5546 8843 3740 875 6314 3809 8113 5363 4505 2454 3041 836 7907
32 2368 7984 90 7982 6444 1430 8454 7356 8783 7062 7522 2935 6646 3730 5504 2372 7622 5565 398 912 9807 8021 1202 821 4783 4646 235 9134 6303 6264 9510 3160
27 2993 8983 8934 7042 6556 6658 9990 6824 521 997 2416 7344 9292 583 618 742 7041 2172 2449 9840 3713 3649 8830 480 2067 3555 4644
28 6950 7448 5815 3903 9384 1681 9223 9848 356 1189 9857 6178 4617 3389 9427 1623 9471 8767 148 5034 7 3977 7644 262 5685 3868 2809 6014
28 1587 7511 7720 8503 3575 1123 8954 2531 5772 6276 1532 4140 3124 3941 2741 4106 6438 8419 797 748 9680 8929 8247 2862 6490 3796 6149 75
29 2672 6557 5952 5195 5632 3278 9937 5706 4394 3934 2843 1852 258 6098 3003 6696 2527 8139 8288 4475 763 9298 3900 5824 6053 5615 3959 1323 4690
30 3516 9890 7494 2005 8282 5456 7715 8634 6427 9133 2039 2337 5412 3454 8813 838 4845 4434 2882 3162 246 7425 9125 4427 4121 6661 4984 990 6157 849
28 558 4765 9804 1969 6754 2853 3784 4497 7983 8507 7157 628 1873 6930 5614 4596 6035 944 6642 3980 4253 2669 6080 8846 5032 3072 6480 2436
30 9151 9960 1531 5134 9785 3405 1659 3997 9329 3130 4158 8262 9127 8877 9043 7233 9312 4240 9570 2625 2492 6373 7954 7465 312 1682 4841 1967 4767 6216
30 7735 4349 7358 8977 2555 1250 7054 9439 1243 110 7046 8832 9332 6735 7118 7058 475 669 2419 5236 9239 1955 7067 137 1318 6636 5882 1385 7772 3634
29 4960 8246 314 7636 1520 6113 6681 5696 7769 6470 8798 400 8623 5309 9906 3812 1853 1552 9400 4207 7994 923 3999 2773 6241 5300 9476 7004 9527
29 8598 5326 5528 6151 3455 1217 2536 4370 5434 8728 6674 9664 3807 4829 9616 5971 3376 7248 8839 3485 4846 483 1513 6579 7121 8305 637 8167 592
31 6021 6931 4660 7724 2049 1604 8897 7872 4588 7190 4577 9309 5579 5132 2549 9299 2226 4043 354 9730 6571 935 4142 6131 3627 3841 4688 501 3474 7471 411
29 2139 6891 7946 3302 4966 7144 7719 5157 6971 1898 8652 2052 8665 6337 3269 5804 6594 4094 5186 226 2112 2880 7862 7469 4409 5946 8146 8353 9255
27 1817 5564 6983 7603 873 2644 3904 150 576 9368 2948 5964 7554 9334 5268 6009 285 8321 3252 6243 7567 4848 9582 5466 5845 953 6898
29 4469 417 8053 3036 2677 250 5343 2021 7651 3310 1023 1418 4213 5790 7898 2333 1652 864 2827 7403 1455 1989 8742 5812 4517 451 7537 2895 960
29 3590 4447 3312 3150 9773 4530 4356 190 5502 8358 2513 6693 6238 4925 9381 6726 5880 2445 2473 6394 1072 4265 7551 8708 8174 4532 4866 5681 9895
30 5325 6888 5109 6563 1560 590 8256 8588 3908 2009 3515 8106 777 6502 4288 4750 2341 744 3916 6381 5141 5676 7197 3510 1943 8895 6524 8959 8753 9403
28 4107 1768 9756 421 4983 8234 4942 1821 5976 1228 9750 7873 1262 1494 3034 379 9419 5931 3414 5458 4245 5381 2434 7583 5660 4590 4965 5486
33 1030 5354 1285 7084 1462 7538 9583 5878 472 6606 7284 7525 109 7025 1914 2060 2110 884 7285 8869 3751 1534 5025 8632 8243 1728 7730 181 4680 8583 9555 4556 4659
27 8097 4989 9408 2236 9665 9172 437 8042 7131 3277 6354 5118 1056 2464 4157 2837 5741 1941 3761 6047 4173 3426 2264 1786 2119 1367 5320
28 746 4303 7402 3701 5226 6922 2918 5457 3212 1020 3631 2998 8255 3983 982 9877 1391 7975 1743 6034 5469 8382 4485 4042 7991 5471 561 4789
29 8607 6475 2051 1076 5896 2797 8581 5322 4774 6252 5000 2044 522 947 1352 386 8276 5205 7027 5321 5710 9691 754 6431 9962 4695 6573 8805 3143
31 9872 4922 5475 7744 768 5244 9943 1689 7598 5659 4792 560 5289 710 4813 6448 4167 5426 8414 4654 2047 945 2421 3838 6577 2257 9542 3355 2807 511 3227
29 9284 1556 8875 2479 9097 397 5784 7675 8723 670 3546 2188 7282 2004 3061 8688 7217 2133 2344 4554 7548 7963 2905 2991 1859 6499 321 2565 6627
29 4801 8447 3630 3694 5448 5298 8257 5177 1253 4174 1360 4064 7068 8284 7267 1170 4676 5485 604 3869 3394 5893 8474 5445 4681 621 6404 3540 7917
29 7320 8364 4803 1809 171 2359 1160 3318 2892 9720 8734 5701 8605 3686 7431 1840 6353 9998 5463 8704 4508 5735 4462 2987 1628 1509 5489 4832 2611
29 7545 9361 6973 6073 2569 2745 1299 5406 5074 168 7407 7000 8611 8334 5122 7276 3961 4340 5692 7373 201 1384 876 8576 7125 8218 2670 224 1363
27 3190 6982 4616 665 7244 4408 6643 6793 4137 8004 9839 6612 2404 4761 3470 8217 1611 2997 6297 5145 963 8527 31 8918 5930 2925 9307
28 804 1143 8980 9699 3396 4718 6753 9745 1602 8025 8617 359 6582 8435 5839 9547 9047 7779 9929 549 7314 1843 1443 4105 1396 6495 8132 4275
32 835 1035 5903 1779 9322 1631 1165 147 6752 1882 6163 3742 1867 8455 5265 7007 6539 4146 7210 3928 8304 8301 1945 2621 6911 6465 6141 2385 4682 7805 4747 7590
28 6570 8545 7006 350 8565 288 9669 8093 9975 1810 9126 4726 7423 3893 5075 8796 2821 5252 7832 658 8600 3029 6825 2115 6534 6988 9349 7417
30 5832 1568 1753 1148 229 8575 930 9272 2983 6522 4864 5793 2913 4882 2743 3514 2278 9421 325 5389 19 6458 8079 8179 4360 2667 2357 3157 1106 9799
28 9038 7794 487 2633 7151 1004 8154 7415 5329 1915 6224 9964 1102 8035 1146 6134 335 8396 9846 1164 3539 5190 5017 4138 4981 145 966 7722
25 6330 9787 4455 7286 1414 9059 7304 6872 3989 3315 1144 6375 3250 7733 6288 2259 28 7420 146 8127 5599 2819 5870 8539 4978
29 3423 328 3698 9129 8250 6304 2433 8460 5911 1694 9728 9187 1489 3944 2739 3567 6714 3327 3973 1775 3726 6880 37 2812 6929 2041 9505 825 7641
24 5955 9988 1060 8481 7020 6016 745 8322 4638 1168 7846 6684 2982 1567 3960 5636 9237 9938 3673 1546 5725 9687 4635 2451
26 4114 3709 9591 2399 8693 3410 1804 5887 9078 5597 7076 1749 1929 603 48 3662 414 7961 4854 4755 7139 859 7089 8941 6561 3517
31 1959 6062 9584 4824 4286 1198 7489 7513 2624 7036 6705 2260 1934 4986 4148 1876 1117 3852 2974 6349 1922 2190 7987 25 1811 79 3197 5729 9748 4775 6207
26 3240 8995 8850 8540 5990 6859 9725 4348 8040 1679 6651 3011 1401 8601 2387 3343 5295 2319 9614 6834 423 1869 5629 41 1697 8629
30 1187 2554 477 5829 2912 5218 8381 5760 4900 5509 7039 161 4658 8686 8185 8883 6545 1706 3129 4815 3638 759 7599 3793 5709 6797 2703 2105 2456 2149
27 3902 5336 7638 5207 9836 6746 7028 2917 8211 7473 5951 9628 4382 6772 3963 2283 2364 9595 9337 7193 6355 7376 2510 2814 8682 3048 5638
29 9692 5537 6237 1961 5166 4116 8541 7664 3986 384 3839 5691 9367 1137 5731 9852 7848 3945 7964 9519 151 5243 7956 160 1393 1181 9003 7806 8636
30 9282 7674 8170 3295 4386 3731 1342 134 7800 8123 4444 7771 2124 3065 2369 4488 7778 4623 6396 1613 6270 7226 1332 4536 7444 8836 7411 7801 3668 4678
30 5062 5941 3333 6152 2253 7581 8924 5171 7468 7472 1290 7645 8482 7237 7739 8759 8757 500 5640 6870 9468 542 4993 2691 5907 4811 6029 6189 3285 3808
27 9246 5069 5209 8841 7723 3225 5167 261 9842 9178 3975 7459 249 9177 7385 4737 6617 9509 7051 6259 4780 4000 7967 9576 4561 4437 7063
29 671 8654 961 3702 3331 6710 1547 6874 9380 4828 7462 2928 9871 510 7312 8007 6998 9513 3325 6127 6604 776 4899 1506 5009 6356 6161 1533 1298
27 3363 8184 656 1926 9115 221 6099 7870 1354 1007 648 3834 76 5048 4723 5040 9717 3068 1656 7571 1107 1966 3661 5809 8574 7315 2107
33 2830 5703 8386 9797 3866 1597 9735 5188 513 1657 5821 5071 7091 872 9300 2500 5606 8422 4074 4244 8420 4991 9801 4216 9684 6733 186 5091 9193 9950 8105 8784 3107
28 5801 8434 2876 4710 3716 8910 6393 9870 9317 7374 5791 8191 1870 3609 1458 6757 56 4438 3007 8300 8091 5203 3538 2376 6136 3840 9431 3116
27 5673 8267 7694 2573 5968 2018 4393 2470 7784 54 2577 7056 3700 7558 3971 646 3792 3788 1501 9036 9450 9557 1834 5805 3030 2386 7341
24 4904 3247 8566 5680 5126 5796 9356 3984 5700 8213 4579 4092 855 539 802 4648 4159 2159 712 9610 1947 1015 5042 5707
28 8453 1746 6936 3764 1236 9790 1888 6550 5900 2989 4504 3131 1585 4417 6166 3552 6146 8138 6469 8181 2199 29 2422 5864 5795 3601 2134 6148
27 3187 625 389 7552 5868 8651 9241 4315 91 3167 4929 9808 6183 5905 8137 8732 1392 955 2564 7447 2361 8428 7714 6818 3958 3870 1666
30 2156 7222 2042 498 8445 8176 1787 5176 2281 5975 9815 8047 3981 7882 9923 758 5026 6759 7495 5094 8340 6855 5089 2162 197 8965 5110 3522 8819 6371
30 9861 5388 701 9755 9632 7383 9825 6437 5587 8418 4736 5279 3798 863 2015 8401 5212 6307 1844 3395 5743 4537 1514 9221 9572 9953 5780 3008 3188 819
28 934 2202 6155 1691 5516 5066 7441 6295 5277 1671 5550 5766 1459 5152 8223 4226 9893 6249 9783 6645 8923 828 942 2269 9398 7861 6806 4915
28 8896 5865 2205 9304 4250 8711 5424 5084 8532 7503 3490 8821 2502 4603 7893 8999 440 5139 6372 1814 2579 3996 5996 1227 1010 1928 6755 5392
30 8502 4574 2836 3064 1890 7259 653 3528 8365 8263 184 7709 2647 6941 9845 1409 169 1495 2910 248 3245 5623 9269 5217 8556 9032 9320 4352 8298 9837
31 3123 6461 3950 3139 7842 3541 2322 2194 9762 332 373 7942 6581 1188 8436 7924 9264 7292 7573 913 6589 4932 1703 1447 2398 4584 4026 950 6952 3913 5454
31 2452 5324 9492 6245 8237 6876 6634 1440 760 4432 4857 7188 39 9179 9414 1358 4883 514 4557 4706 6958 2598 7535 118 9013 2443 4155 2712 4895 3404 3436
30 9696 7793 4327 779 1756 4716 7065 8526 9044 1871 3340 7875 3565 5530 7355 3246 9552 9448 3837 1606 180 7083 5607 3597 7128 1333 9113 5849 6784 8618
31 9053 3128 8431 6748 8277 2346 6212 7580 6357 2183 4687 6893 8345 9672 8489 3568 3461 4693 5013 7437 8198 5866 1510 7827 9028 857 1474 7094 2959 5551 7272
27 7337 3235 5934 6578 9251 1053 2439 3103 8687 9658 7670 1557 5297 2463 9060 1383 8587 8496 9532 6158 4463 3521 8306 3607 2881 6969 8548
29 4467 6791 528 4239 1429 1600 8111 2298 7078 6364 991 7950 6780 1482 1504 639 4509 7578 1563 1476 2871 1432 5932 3424 2054 7705 9164 4339 6588
28 7179 810 460 9884 4001 1674 3821 2960 7835 9917 2852 8859 4713 5095 4955 1169 2660 9429 7095 5061 7204 9602 6478 77 287 491 6546 5255
29 8653 2563 6928 2930 5144 5714 6036 3604 1735 313 9973 1880 1589 4914 9311 4578 4839 4492 9567 6695 9401 4233 9682 4013 7619 1790 9041 8092 711
29 4494 8183 8919 2578 4926 1390 408 2794 6015 6287 1797 3543 2589 8560 1353 7102 700 7808 6775 6219 6194 5788 8065 783 7659 634 2008 7568 5065
27 8085 1312 8969 3264 3323 721 9242 9533 6584 1419 7330 8666 5135 6786 6904 6476 9480 9920 6514 5364 9062 2884 5225 1486 5559 8887 7577
27 7132 7251 563 1700 7351 1907 4313 980 5133 7536 5694 8775 1963 3409 4902 2173 3077 5250 9306 8408 8323 9905 2311 4954 1801 5398 4300
27 1788 3772 4802 5999 4152 2352 9489 3871 7671 5704 9067 1709 7989 1452 1719 6048 7889 3056 7476 6401 8449 4593 1937 4297 5948 9995 5211
29 4967 4671 191 8143 69 7957 4677 5446 3420 6280 3341 9056 7105 9029 8616 6253 264 3370 8425 355 9946 9333 8922 5359 7618 5196 6833 4940 5033
28 9764 8400 9627 5585 6007 6616 4465 1242 2835 9502 8907 2685 2389 6665 9800 815 6807 241 2192 6118 8508 4336 2104 1361 3760 5231 1099 4901
32 3233 78 1130 5128 4607 2101 7087 7880 9415 4694 3304 5384 3670 778 4402 9207 8597 2108 6365 5422 3371 9897 4876 3689 1982 8985 8772 6660 4872 6498 4418 4964
26 8172 1062 6970 7519 6292 4302 2744 1151 8477 3392 3127 8956 7258 8279 4232 588 1823 6641 3561 1669 3559 1254 7553 7841 4364 2820
28 6897 1407 3623 6485 2057 9936 3912 3647 9548 4988 4511 5306 5817 9666 3895 9776 1710 7563 3969 4781 7137 3358 9399 1731 5711 9971 2349 969
28 7781 6796 2365 627 6262 5303 3348 6084 4500 2867 6085 1166 2675 3401 492 6326 4441 3017 765 3613 1479 4150 731 6783 9723 4762 9607 2338
29 4830 8404 1192 9592 8890 5654 434 6411 5312 3905 620 893 644 1405 3095 5993 5752 318 5505 9553 4719 9711 9432 104 5589 3459 7090 6217 4188
29 9662 7979 7699 4046 5693 975 2142 4017 3362 8206 6585 1460 5761 7088 9389 5114 297 8116 5060 4513 1561 162 1328 9181 5649 677 8236 7165 7555
30 4852 5014 5097 4808 4259 3579 2526 4784 393 2450 1904 6652 290 2132 7097 642 8020 3721 3054 2708 7438 268 154 9605 823 1626 1881 8891 696 1990
24 2209 2332 2472 4655 1822 6500 8848 5508 4818 9216 8512 7130 6698 299 1903 761 139 8622 3002 2559 1266 3664 2213 647
26 6198 4397 5213 7969 3367 4817 5435 4251 9531 3791 5169 6829 643 5730 3125 5825 9083 1569 2089 7228 6293 7804 4643 4512 4419 8694
28 9328 8152 3060 2963 4507 3412 232 2950 5523 8840 8347 5352 3136 9694 1052 8599 762 7333 5078 4007 4324 4267 4721 9637 2848 8928 5054 2155
27 2772 5524 5532 405 7173 8543 9980 4976 9571 7916 9274 465 38 4002 986 5006 6706 4421 9587 5977 3509 4971 2896 5459 8060 7608 9018
29 9814 1492 2858 4560 1025 2622 22 9186 2028 2020 1176 6809 2683 1142 7044 8283 3641 1265 7510 992 7797 4849 7658 485 9912 3148 1369 2493 3708
28 2234 7633 5608 5041 5233 1795 1293 1138 4589 6523 1427 822 5200 2903 3152 8498 2975 2128 342 7211 5933 3469 2328 105 196 2371 6730 2854
32 9049 3216 9441 9202 8339 7060 6766 7201 4692 1028 1549 7661 4435 7336 1483 8189 4471 1135 7155 3884 4404 7225 7570 9574 668 7897 8554 940 5787 1350 2582 870
23 9443 5914 9612 4636 8471 1229 3100 5068 3313 527 8814 4230 9103 4656 6064 5620 9132 1857 6324 1470 1550 8596 8314
25 1386 534 1205 1014 7721 3326 9491 8603 3336 4344 8538 1029 9681 193 4027 1845 5923 7311 5319 9903 8940 8712 6821 6955 5269
31 654 4246 5467 5653 3953 2664 7637 9540 3281 1203 1639 1545 4124 594 8861 5998 9466 6742 938 4310 4482 8996 1216 867 6723 7902 2214 1820 166 5717 900
28 9014 9288 7015 1196 7985 6231 6554 4486 2541 8289 2931 7377 5347 9010 9081 7623 4414 8773 2684 279 8212 4731 7498 399 8363 4224 9580 2367
28 9858 8044 4980 3781 7992 2138 3040 7483 5407 7680 4290 5405 7150 6291 3026 5346 4549 4191 7103 8563 1722 1232 1951 661 581 2031 1991 5723
29 94 6595 1140 5156 4249 1016 780 2873 107 2233 1218 7275 5770 2887 1721 9250 5104 5541 3004 1502 7710 329 2655 7306 9620 9023 2059 8479 7649
27 7382 7708 8297 1421 5151 1542 81 4799 5366 8505 9833 1742 412 7099 2324 1469 8804 6789 3189 1646 6774 2978 1958 9828 4791 9782 9860
31 7901 2793 6687 8134 2293 2768 9721 7866 1009 7755 3176 9634 8245 4835 2817 6721 1054 8200 5479 7231 3594 9016 6333 4206 8881 6209 2718 6751 5527 5240 9556
30 3766 6668 6959 9559 5460 5436 5682 5228 3741 8645 6535 5189 4292 8931 259 6508 337 4332 7212 9598 7040 5267 4968 6852 5437 6339 6011 4735 7654 9786
31 3491 1204 8948 5908 479 4311 2166 8012 1998 4703 3192 5904 1524 8248 4598 6439 5978 633 3576 8119 4837 1026 3593 298 7933 8763 1375 5430 638 1653 9724
27 2921 9498 9747 9042 8530 1276 4487 3777 6230 1622 8145 3010 6692 9794 6306 6965 1806 8674 6095 351 983 9074 2211 467 2716 6496 4585
31 2922 1512 5334 2263 3682 4186 4018 5883 6622 8201 610 3156 4413 8943 8294 5848 1308 8650 1272 4365 5498 3253 3714 2958 9597 7892 7440 9863 9422 3957 6135
28 6261 8128 4701 2813 1776 6600 2608 9880 7024 5311 9051 2184 8115 2939 3271 7803 1581 5131 1291 3263 707 3864 9514 6260 8516 7903 6537 7774
29 8546 1752 1842 7475 9621 5598 3746 7679 8500 5670 5168 4190 3320 4334 4293 4430 5219 5800 635 3824 595 5929 7269 1019 1878 7602 587 1315 5107
27 286 7380 40 6504 8320 6128 7691 9436 5802 5059 4266 9068 7557 9810 4738 2639 7064 7034 129 4449 5232 8695 5402 7970 2099 9438 1199
30 9714 1040 1339 9131 5965 3733 1487 6218 8264 8258 5429 5411 8371 8886 8762 8341 153 8210 64 7585 3732 7913 6281 7019 7600 3311 2516 9423 578 5674
29 4760 188 8356 3350 6278 2036 5783 8718 8316 7610 5064 2092 9160 4992 6701 369 8578 324 6900 4595 2898 6934 6679 5155 8994 4479 8290 9838 7911
29 2191 4392 2012 3536 2126 4126 8328 2477 6615 1083 7815 9760 2923 865 5438 8348 254 2757 4814 2402 3787 1006 9657 9034 4877 6883 3106 2217 722
28 482 4568 26 7323 53 2762 4758 466 1207 7811 4456 6951 9434 3495 4312 5081 2312 8571 4056 4429 8703 5011 6662 3727 6533 7729 6038 2507
27 9488 1364 4068 7516 3177 208 7375 7347 8036 9495 4241 972 6814 8826 4368 9325 3113 2941 8570 5518 9652 315 8002 5344 3349 8631 2288
31 8394 5777 5247 3899 6677 555 422 8620 4562 4958 5647 1908 5830 3974 6749 5727 9734 4085 2754 3615 2580 7825 622 2486 8633 3214 2094 8750 7921 9109 7820
27 1472 1113 9130 6765 8681 7768 6221 8274 3035 71 7005 1838 4113 5775 8336 5927 8720 4894 3874 3397 7055 3224 5101 882 9579 1875 1154
31 3265 1437 5898 6374 4622 2295 6815 5748 4630 3234 9412 7706 584 9792 2033 5720 4109 9021 2466 3776 5421 6067 506 5316 8902 5575 7508 8522 2999 371 2630
28 5645 3656 850 2524 5182 8765 3619 8638 8988 8330 3055 2900 7077 623 4700 4103 1640 7624 5979 6477 1110 7734 4369 1518 9080 3645 1690 2894
31 7229 5889 2228 928 504 9831 9909 926 8463 5146 4665 9952 4952 7032 5909 6380 4149 2299 6315 2488 3093 4810 6467 1153 6248 2866 1629 2273 5050 277 9346
27 660 5136 9352 7449 3851 1750 1322 5596 5369 2552 2474 8350 7509 9931 5943 3650 5340 1970 8071 5449 5686 5936 818 788 5365 4235 3082
29 6812 957 4338 5472 9052 1241 3722 9708 8741 4194 3166 2522 4921 334 7443 6044 5695 494 6611 7133 6140 6144 458 2210 6688 5276 5491 4353 9969
30 688 3860 8733 4777 4005 2058 4358 8911 5401 9737 943 5781 4823 7549 1451 8242 6724 8259 6083 2208 5164 9009 8785 4362 4510 787 6358 7050 5779 4014
23 3720 9992 8049 8108 1340 6553 9203 753 2355 6187 1771 7701 3657 222 4787 5891 364 5765 4036 5819 5747 4586 9700
30 7186 6720 9930 9219 4165 4323 9302 1149 5278 878 4262 4684 2818 782 3894 5519 2187 6119 2309 5655 7023 650 4024 6196 5342 5184 9347 4516 4712 9600
29 2823 7662 7421 61 4933 7436 2129 1770 9220 5862 8147 5699 8604 916 2424 7757 775 4740 4010 4826 2650 7582 2196 7480 1279 6397 3472 3857 7527
25 8669 1491 3524 9625 5351 3182 5637 473 360 3955 5834 6026 984 7737 733 9706 8921 4686 8361 1953 4850 2093 4890 212 283
28 8372 5370 3659 2430 158 5348 5163 5742 9339 4831 6515 4520 6386 6510 6388 4139 3043 1488 4035 8705 4709 3823 9924 889 12 8402 6271 6246
26 4949 2648 5115 1448 215 9494 4478 7981 3774 3606 1754 3251 2730 6226 7834 6946 8230 807 4102 7665 3586 4319 3196 3083 7655 6787
27 4049 6992 3932 6657 4314 941 7988 5570 5822 8325 4443 5162 2617 245 2475 8029 705 495 7250 6239 7220 4664 3328 9991 3159 9802 2497
29 5266 8366 7883 3811 294 2323 9165 8933 8441 734 4898 9116 310 2165 8780 6471 8867 6877 840 7357 7971 3270 4729 4012 8738 6828 8011 9873 8909
31 7576 6154 9743 8003 8261 6767 7086 9622 4247 2799 8153 1799 6882 781 2944 6895 4970 1013 4704 8671 2484 5626 1356 5140 3163 4367 5536 2444 1559 7593 8351
35 1813 5057 4634 862 5942 6790 3373 9907 9955 4809 8462 8518 5390 2955 4785 2946 9458 4633 9617 1046 2899 9162 9758 4405 6107 7451 9608 8160 5776 464 2706 103 2968 4254 2879
26 3775 34 1863 3291 281 740 8913 80 6312 7993 9482 8437 7328 6114 4637 183 3723 7635 4649 3497 7252 9715 2962 8555 2400 7348
28 8299 9031 1751 2752 4529 1300 7240 4134 550 615 203 1074 8552 1126 6213 8338 3301 9671 1240 9981 2726 7530 2529 18 6745 5386 5257 1864
27 5383 8740 5846 9273 3707 5307 4472 2774 141 1516 4127 4428 9280 7859 449 3432 5672 7826 4626 1827 8690 344 9927 3906 1071 3375 4087
27 3636 5500 7031 7798 7728 5102 4745 1610 174 2943 6976 116 125 7035 9232 4525 9156 7098 1605 1388 11 4905 8660 5918 4714 6088 5679
25 4260 2890 9506 7295 7482 2710 927 7629 8577 9979 4564 1490 6174 4424 613 9473 5165 9142 6116 4705 3717 378 2556 3006 1289
27 3492 6640 6664 8751 3755 7203 5223 3254 1971 3407 1933 3449 6208 3672 4843 1732 3549 5858 9171 2471 4283 1017 6619 5593 7123 8816 6479
28 9740 1359 5511 4937 1985 6703 6286 7605 7163 995 3434 6115 6378 3888 7750 5199 8269 801 3372 2073 9048 1155 7977 3943 2834 8070 5361 5208
29 6319 8657 4535 9428 9754 5542 3195 3532 200 3229 4223 2465 5427 123 6450 4862 2727 407 17 7366 9843 5814 9225 2483 7119 8953 1079 3918 8385
27 6257 7937 2570 1923 4903 7110 9324 8700 1433 3194 5327 798 7043 5972 5076 5806 8984 9566 9746 6536 6070 9539 8302 7396 5161 2215 5410
29 1048 3425 4166 7496 9635 1275 2459 2167 2334 5274 5012 5028 5382 8391 832 8721 6063 4477 1616 6953 100 8452 3338 7454 9291 894 6311 2850 7215
28 2586 1539 3968 3385 2186 795 7467 3489 5969 5055 2846 9247 4019 1147 3926 2967 1382 1114 1584 348 725 5961 6420 1108 1957 1601 4685 9212
29 1824 3827 6003 8193 6794 7359 6978 1310 2415 3398 353 3584 1223 4851 914 5037 6962 8028 5627 2662 5807 5468 1086 7524 6943 3308 6012 4111 3080
28 5160 7235 1595 9791 8936 5912 3556 9084 468 1643 3020 8332 954 234 6861 538 3822 8156 9512 1159 8853 632 6201 6972 8195 8978 796 6065
29 3104 7787 766 128 5181 1095 4722 7227 800 2654 392 6590 7432 8938 5330 7171 2462 5493 8491 5750 6605 9369 5172 2340 8845 2345 5216 6843 7690
29 1125 1566 5185 2140 8052 9752 4304 385 4858 9308 6296 3431 67 2724 1461 2872 4756 6940 5331 9518 433 4484 932 8777 9934 1237 8770 3529 3444
28 2698 4773 3534 6283 8464 2239 1515 2158 5235 323 1121 2924 8446 4918 9455 1726 6466 3473 179 5414 1251 1331 1129 2393 6068 3345 5897 6614
30 3832 9336 8017 3763 2013 8273 2201 2394 456 4521 7765 9173 5096 3435 430 6414 3692 3458 4645 6106 6555 4154 9879 2553 8192 9112 9586 24 9882 694
26 9543 6425 2940 8950 5416 2468 3164 8914 4193 3280 4565 7877 9501 9222 6282 5755 7093 3255 6122 9859 9503 2197 2308 1327 5418 7456
27 4077 9257 6871 4415 6623 9874 173 4221 2538 3481 8214 4822 9370 3923 8621 7307 1537 9266 8856 1850 242 9331 8747 7807 1105 3829 2786
29 5876 7822 8786 3519 3306 4156 5229 6369 3711 6795 1792 7753 2120 1630 8142 2237 6376 2227 9701 7640 5754 2543 9108 5180 5261 9064 7174 1946 1651
27 9194 5503 3260 9150 9761 1131 7379 9182 6764 2542 2011 6813 609 143 214 7676 5628 1748 9234 284 2336 2360 7544 4674 6598 7908 1778
29 9211 3937 8083 6150 8992 1593 3520 6162 6690 7450 6773 5600 1936 7012 2315 4847 3261 3621 9944 8444 2317 8030 7354 9788 3800 7214 9071 1791 6413
33 2517 7047 1704 9175 7667 704 6990 720 2511 6385 5601 4153 7300 2171 8871 5373 6653 4054 2290 1190 2602 1201 7780 1663 1478 8101 8010 6366 651 3457 730 9768 8232
29 9475 3581 4543 1415 5153 404 5525 3203 8423 4559 9529 7257 8008 6993 8691 9002 844 6991 3400 6039 7433 4143 4198 2117 3081 8981 6184 4135 9192
26 4501 3873 6778 2767 4309 2868 5863 5433 2176 1226 6862 4547 9072 9256 9876 1050 3890 8291 8459 1582 7274 3995 6713 6798 8589 2678
30 9243 8592 2933 7367 5910 1055 9184 9898 1996 5510 6609 2426 5420 5249 6948 4743 95 2485 6403 535 2127 1296 4572 10 1281 509 3985 7399 6121 2863
30 3562 5966 3681 8438 6699 2916 3680 7022 1411 9461 1767 4691 2651 4689 7663 278 8713 7912 5810 8331 9511 7113 3483 6986 218 6901 4274 8317 8307 9154
31 5254 1599 9718 3339 1260 1592 7561 1064 6567 5490 4130 6648 5913 9844 3180 5924 1571 4162 3853 7685 4133 8719 7857 4908 2751 8164 4407 3734 3758 7422 7996
29 2146 551 2583 1818 8327 5522 8564 6944 9889 6318 2699 1044 8878 6426 8975 1346 3085 6682 6132 9639 8451 6103 5715 1930 6153 1655 1739 7319 6441
31 7642 1807 6416 4 8072 3033 6359 9183 9310 5843 1525 4168 8976 567 5417 3441 5808 7681 4893 2229 1471 5362 6987 8163 2875 7052 442 7223 120 2431 7010
31 7205 4662 9589 1067 605 4231 435 5861 3882 5397 7195 2891 8639 2235 2082 5259 5072 5956 5001 8107 5444 4863 4225 7657 6926 6317 517 2567 3161 4707 6017
27 280 1956 5310 3845 7176 8239 2961 1269 7672 9689 9218 8231 9769 9344 3814 8295 7823 1058 7547 5753 7669 2282 8203 717 7951 2804 8964
27 5939 5112 7442 8624 8663 1412 9477 252 4363 7334 394 1919 7948 6338 2326 2432 9653 6736 1733 3526 1633 9176 6909 6667 1255 362 3504
27 7855 2855 3503 7543 1042 6551 9546 7840 5301 2097 3494 1796 3393 7265 7546 7181 9641 631 9137 1180 7389 4613 8802 7280 2737 764 9932
27 2091 6879 667 9382 919 3443 2674 8569 3427 3608 2397 6018 8509 1068 4522 66 7410 5288 1200 5785 4366 1543 8776 2481 1522 9558 9604
28 1574 6227 553 4006 2048 3118 9915 7878 5916 2919 9087 5137 5198 4930 8355 8614 9674 9017 4499 8973 9210 7169 149 2095 3168 9383 9643 8465
27 3452 8903 6092 2860 6123 2838 4083 1317 9281 6456 9135 3828 7682 6170 4321 7632 5194 3600 7391 8126 5408 8032 6867 6762 5432 4256 4539
28 7297 1983 7397 1913 402 6854 8005 3648 987 5425 4906 2148 557 5820 6607 8534 2690 6336 3736 9744 6342 3699 1378 253 8916 1473 5280 85
