1 281
1 161
1 228
1 296
1 209
1 206
1 256
1 193
1 290
1 93
1 13
1 95
1 278
1 35
1 149
1 224
1 266
1 123
1 127
1 61
1 113
1 201
1 14
1 3
1 30
1 250
1 170
1 132
1 196
1 252
1 177
1 192
1 45
1 175
1 59
1 7
1 136
1 215
1 0
1 75
1 140
1 248
1 58
1 27
1 105
1 82
1 273
1 24
1 186
1 121
1 108
1 139
1 152
1 182
1 214
1 233
1 109
1 283
1 44
1 173
1 107
1 146
1 67
1 115
1 242
1 294
1 60
1 163
1 238
1 227
1 68
1 148
1 78
1 171
1 21
1 101
1 189
1 66
1 62
1 55
1 230
1 172
1 98
1 218
1 167
1 272
1 265
1 122
1 156
1 91
1 133
1 26
1 5
1 154
1 210
1 222
1 39
1 129
1 277
1 288
